            ping-8250  [003] ....  1658.702222: net_dev_queue: dev=eno1d1 skbaddr=ffff88007745ea00 len=98
            ping-8250  [003] ....  1658.702240: net_dev_start_xmit: dev=eno1d1 queue_mapping=3 skbaddr=ffff88007745ea00 vlan_tagged=0 vlan_proto=0x0000 vlan_tci=0x0000 protocol=0x0800 ip_summed=0 len=98 data_len=0 network_offset=14 transport_offset_valid=1 transport_offset=34 tx_flags=0 gso_size=0 gso_segs=0 gso_type=0x0
            ping-8250  [003] ....  1658.702243: net_dev_xmit: dev=eno1d1 skbaddr=ffff88007745ea00 len=98 rc=0
          <idle>-0     [002] ..s.  1658.702408: napi_gro_frags_entry: dev=eno1d1 napi_id=0x0 queue_mapping=6 skbaddr=ffff88103292cb00 vlan_tagged=0 vlan_proto=0x0000 vlan_tci=0x0000 protocol=0x0800 ip_summed=0 hash=0x1d701905 l4_hash=0 len=84 data_len=84 truesize=3008 mac_header_valid=1 mac_header=-14 nr_frags=1 gso_size=0 gso_type=0x0
          <idle>-0     [002] .Ns.  1658.702422: netif_receive_skb: dev=eno1d1 skbaddr=ffff88103292cb00 len=84
          <idle>-0     [010] ..s.  1659.401859: napi_gro_frags_entry: dev=eno1 napi_id=0x0 queue_mapping=1 skbaddr=ffff881002190800 vlan_tagged=0 vlan_proto=0x0000 vlan_tci=0x0000 protocol=0x0806 ip_summed=0 hash=0x68bb64a5 l4_hash=0 len=46 data_len=46 truesize=3008 mac_header_valid=1 mac_header=-14 nr_frags=1 gso_size=0 gso_type=0x0
          <idle>-0     [010] .Ns.  1659.401874: netif_receive_skb: dev=eno1 skbaddr=ffff881002190800 len=46
          <idle>-0     [010] ..s.  1659.593135: napi_gro_frags_entry: dev=eno1 napi_id=0x0 queue_mapping=1 skbaddr=ffff881002190800 vlan_tagged=0 vlan_proto=0x0000 vlan_tci=0x0000 protocol=0x0806 ip_summed=0 hash=0x68bb64a5 l4_hash=0 len=46 data_len=46 truesize=3008 mac_header_valid=1 mac_header=-14 nr_frags=1 gso_size=0 gso_type=0x0
          <idle>-0     [010] .Ns.  1659.593148: netif_receive_skb: dev=eno1 skbaddr=ffff881002190800 len=46
          <idle>-0     [010] ..s.  1659.671367: napi_gro_frags_entry: dev=eno1 napi_id=0x0 queue_mapping=1 skbaddr=ffff881002190800 vlan_tagged=0 vlan_proto=0x0000 vlan_tci=0x0000 protocol=0x0806 ip_summed=0 hash=0x68bb64a5 l4_hash=0 len=46 data_len=46 truesize=3008 mac_header_valid=1 mac_header=-14 nr_frags=1 gso_size=0 gso_type=0x0
          <idle>-0     [010] .Ns.  1659.671380: netif_receive_skb: dev=eno1 skbaddr=ffff881002190800 len=46
            ping-8250  [004] ....  1659.702069: net_dev_queue: dev=eno1d1 skbaddr=ffff881016784a00 len=98
            ping-8250  [004] ....  1659.702085: net_dev_start_xmit: dev=eno1d1 queue_mapping=4 skbaddr=ffff881016784a00 vlan_tagged=0 vlan_proto=0x0000 vlan_tci=0x0000 protocol=0x0800 ip_summed=0 len=98 data_len=0 network_offset=14 transport_offset_valid=1 transport_offset=34 tx_flags=0 gso_size=0 gso_segs=0 gso_type=0x0
            ping-8250  [004] ....  1659.702088: net_dev_xmit: dev=eno1d1 skbaddr=ffff881016784a00 len=98 rc=0
          <idle>-0     [002] ..s.  1659.702226: napi_gro_frags_entry: dev=eno1d1 napi_id=0x0 queue_mapping=6 skbaddr=ffff88103292d700 vlan_tagged=0 vlan_proto=0x0000 vlan_tci=0x0000 protocol=0x0800 ip_summed=0 hash=0x1d701905 l4_hash=0 len=84 data_len=84 truesize=3008 mac_header_valid=1 mac_header=-14 nr_frags=1 gso_size=0 gso_type=0x0
          <idle>-0     [002] .Ns.  1659.702242: netif_receive_skb: dev=eno1d1 skbaddr=ffff88103292d700 len=84
          <idle>-0     [010] ..s.  1659.760303: napi_gro_frags_entry: dev=eno1 napi_id=0x0 queue_mapping=1 skbaddr=ffff881002190800 vlan_tagged=0 vlan_proto=0x0000 vlan_tci=0x0000 protocol=0x0806 ip_summed=0 hash=0x68bb64a5 l4_hash=0 len=46 data_len=46 truesize=3008 mac_header_valid=1 mac_header=-14 nr_frags=1 gso_size=0 gso_type=0x0
          <idle>-0     [010] .Ns.  1659.760317: netif_receive_skb: dev=eno1 skbaddr=ffff881002190800 len=46
          <idle>-0     [010] ..s.  1659.878628: napi_gro_frags_entry: dev=eno1 napi_id=0x0 queue_mapping=1 skbaddr=ffff881002190800 vlan_tagged=0 vlan_proto=0x0000 vlan_tci=0x0000 protocol=0x0806 ip_summed=0 hash=0x68bb64a5 l4_hash=0 len=46 data_len=46 truesize=3008 mac_header_valid=1 mac_header=-14 nr_frags=1 gso_size=0 gso_type=0x0
          <idle>-0     [010] .Ns.  1659.878642: netif_receive_skb: dev=eno1 skbaddr=ffff881002190800 len=46
          <idle>-0     [010] ..s.  1659.910483: napi_gro_frags_entry: dev=eno1 napi_id=0x0 queue_mapping=1 skbaddr=ffff881002190800 vlan_tagged=0 vlan_proto=0x0000 vlan_tci=0x0000 protocol=0x0806 ip_summed=0 hash=0x68bb64a5 l4_hash=0 len=46 data_len=46 truesize=3008 mac_header_valid=1 mac_header=-14 nr_frags=1 gso_size=0 gso_type=0x0
          <idle>-0     [010] .Ns.  1659.910495: netif_receive_skb: dev=eno1 skbaddr=ffff881002190800 len=46
          <idle>-0     [010] ..s.  1659.944230: napi_gro_frags_entry: dev=eno1 napi_id=0x0 queue_mapping=1 skbaddr=ffff881002191000 vlan_tagged=0 vlan_proto=0x0000 vlan_tci=0x0000 protocol=0x0806 ip_summed=0 hash=0x68bb64a5 l4_hash=0 len=46 data_len=46 truesize=3008 mac_header_valid=1 mac_header=-14 nr_frags=1 gso_size=0 gso_type=0x0
          <idle>-0     [010] .Ns.  1659.944244: netif_receive_skb: dev=eno1 skbaddr=ffff881002191000 len=46
          <idle>-0     [010] ..s.  1660.487620: napi_gro_frags_entry: dev=eno1 napi_id=0x0 queue_mapping=1 skbaddr=ffff881002191000 vlan_tagged=0 vlan_proto=0x0000 vlan_tci=0x0000 protocol=0x0806 ip_summed=0 hash=0x68bb64a5 l4_hash=0 len=46 data_len=46 truesize=3008 mac_header_valid=1 mac_header=-14 nr_frags=1 gso_size=0 gso_type=0x0
          <idle>-0     [010] .Ns.  1660.487634: netif_receive_skb: dev=eno1 skbaddr=ffff881002191000 len=46
            ping-8250  [005] ....  1660.702055: net_dev_queue: dev=eno1d1 skbaddr=ffff881033b91200 len=98
            ping-8250  [005] ....  1660.702071: net_dev_start_xmit: dev=eno1d1 queue_mapping=5 skbaddr=ffff881033b91200 vlan_tagged=0 vlan_proto=0x0000 vlan_tci=0x0000 protocol=0x0800 ip_summed=0 len=98 data_len=0 network_offset=14 transport_offset_valid=1 transport_offset=34 tx_flags=0 gso_size=0 gso_segs=0 gso_type=0x0
            ping-8250  [005] ....  1660.702074: net_dev_xmit: dev=eno1d1 skbaddr=ffff881033b91200 len=98 rc=0
          <idle>-0     [002] ..s.  1660.702200: napi_gro_frags_entry: dev=eno1d1 napi_id=0x0 queue_mapping=6 skbaddr=ffff88103292cd00 vlan_tagged=0 vlan_proto=0x0000 vlan_tci=0x0000 protocol=0x0800 ip_summed=0 hash=0x1d701905 l4_hash=0 len=84 data_len=84 truesize=3008 mac_header_valid=1 mac_header=-14 nr_frags=1 gso_size=0 gso_type=0x0
          <idle>-0     [002] .Ns.  1660.702216: netif_receive_skb: dev=eno1d1 skbaddr=ffff88103292cd00 len=84
          <idle>-0     [015] .Ns.  1660.705980: net_dev_queue: dev=eno1d1 skbaddr=ffff880fea985e00 len=42
          <idle>-0     [015] .Ns.  1660.705991: net_dev_start_xmit: dev=eno1d1 queue_mapping=15 skbaddr=ffff880fea985e00 vlan_tagged=0 vlan_proto=0x0000 vlan_tci=0x0000 protocol=0x0806 ip_summed=0 len=42 data_len=0 network_offset=14 transport_offset_valid=0 transport_offset=65533 tx_flags=0 gso_size=0 gso_segs=0 gso_type=0x0
          <idle>-0     [015] .Ns.  1660.705994: net_dev_xmit: dev=eno1d1 skbaddr=ffff880fea985e00 len=42 rc=0
          <idle>-0     [007] ..s.  1660.706118: napi_gro_frags_entry: dev=eno1d1 napi_id=0x0 queue_mapping=1 skbaddr=ffff88102fffcf00 vlan_tagged=0 vlan_proto=0x0000 vlan_tci=0x0000 protocol=0x0806 ip_summed=0 hash=0x68bb64a5 l4_hash=0 len=46 data_len=46 truesize=3008 mac_header_valid=1 mac_header=-14 nr_frags=1 gso_size=0 gso_type=0x0
          <idle>-0     [007] .Ns.  1660.706131: netif_receive_skb: dev=eno1d1 skbaddr=ffff88102fffcf00 len=46
          <idle>-0     [010] ..s.  1661.396236: napi_gro_frags_entry: dev=eno1 napi_id=0x0 queue_mapping=1 skbaddr=ffff881002191600 vlan_tagged=0 vlan_proto=0x0000 vlan_tci=0x0000 protocol=0x0806 ip_summed=0 hash=0x68bb64a5 l4_hash=0 len=46 data_len=46 truesize=3008 mac_header_valid=1 mac_header=-14 nr_frags=1 gso_size=0 gso_type=0x0
          <idle>-0     [010] .Ns.  1661.396251: netif_receive_skb: dev=eno1 skbaddr=ffff881002191600 len=46
            ping-8250  [006] ....  1661.702044: net_dev_queue: dev=eno1d1 skbaddr=ffff8810162c9300 len=98
            ping-8250  [006] ....  1661.702060: net_dev_start_xmit: dev=eno1d1 queue_mapping=6 skbaddr=ffff8810162c9300 vlan_tagged=0 vlan_proto=0x0000 vlan_tci=0x0000 protocol=0x0800 ip_summed=0 len=98 data_len=0 network_offset=14 transport_offset_valid=1 transport_offset=34 tx_flags=0 gso_size=0 gso_segs=0 gso_type=0x0
            ping-8250  [006] ....  1661.702063: net_dev_xmit: dev=eno1d1 skbaddr=ffff8810162c9300 len=98 rc=0
          <idle>-0     [002] ..s.  1661.702163: napi_gro_frags_entry: dev=eno1d1 napi_id=0x0 queue_mapping=6 skbaddr=ffff88103292db00 vlan_tagged=0 vlan_proto=0x0000 vlan_tci=0x0000 protocol=0x0800 ip_summed=0 hash=0x1d701905 l4_hash=0 len=84 data_len=84 truesize=3008 mac_header_valid=1 mac_header=-14 nr_frags=1 gso_size=0 gso_type=0x0
          <idle>-0     [002] ..s.  1661.702172: netif_receive_skb: dev=eno1d1 skbaddr=ffff88103292db00 len=84
          <idle>-0     [010] ..s.  1661.761292: napi_gro_frags_entry: dev=eno1 napi_id=0x0 queue_mapping=1 skbaddr=ffff881002191600 vlan_tagged=0 vlan_proto=0x0000 vlan_tci=0x0000 protocol=0x0806 ip_summed=0 hash=0x68bb64a5 l4_hash=0 len=46 data_len=46 truesize=3008 mac_header_valid=1 mac_header=-14 nr_frags=1 gso_size=0 gso_type=0x0
          <idle>-0     [010] .Ns.  1661.761306: netif_receive_skb: dev=eno1 skbaddr=ffff881002191600 len=46
          <idle>-0     [012] ..s.  1662.112763: napi_gro_frags_entry: dev=eno1 napi_id=0x0 queue_mapping=12 skbaddr=ffff881033668800 vlan_tagged=0 vlan_proto=0x0000 vlan_tci=0x0000 protocol=0x0800 ip_summed=1 hash=0x3c3b509b l4_hash=1 len=321 data_len=321 truesize=3008 mac_header_valid=1 mac_header=-14 nr_frags=1 gso_size=0 gso_type=0x0
          <idle>-0     [012] .Ns.  1662.112778: netif_receive_skb: dev=eno1 skbaddr=ffff881033668800 len=321
            sshd-1535  [013] ....  1662.199039: net_dev_queue: dev=eno1 skbaddr=ffff8810320aa2e8 len=366
            sshd-1535  [013] ....  1662.199055: net_dev_start_xmit: dev=eno1 queue_mapping=13 skbaddr=ffff8810320aa2e8 vlan_tagged=0 vlan_proto=0x0000 vlan_tci=0x0000 protocol=0x0800 ip_summed=3 len=366 data_len=0 network_offset=14 transport_offset_valid=1 transport_offset=34 tx_flags=0 gso_size=0 gso_segs=1 gso_type=0x1
            sshd-1535  [013] ....  1662.199058: net_dev_xmit: dev=eno1 skbaddr=ffff8810320aa2e8 len=366 rc=0
          <idle>-0     [013] ..s.  1662.226715: napi_gro_frags_entry: dev=eno1 napi_id=0x0 queue_mapping=11 skbaddr=ffff88100ca9c600 vlan_tagged=0 vlan_proto=0x0000 vlan_tci=0x0000 protocol=0x0800 ip_summed=1 hash=0x3b5ac09a l4_hash=1 len=52 data_len=52 truesize=3008 mac_header_valid=1 mac_header=-14 nr_frags=1 gso_size=0 gso_type=0x0
          <idle>-0     [013] .Ns.  1662.226730: netif_receive_skb: dev=eno1 skbaddr=ffff88100ca9c600 len=52
            ping-8250  [003] ....  1662.702020: net_dev_queue: dev=eno1d1 skbaddr=ffff881031a70a00 len=98
            ping-8250  [003] ....  1662.702035: net_dev_start_xmit: dev=eno1d1 queue_mapping=3 skbaddr=ffff881031a70a00 vlan_tagged=0 vlan_proto=0x0000 vlan_tci=0x0000 protocol=0x0800 ip_summed=0 len=98 data_len=0 network_offset=14 transport_offset_valid=1 transport_offset=34 tx_flags=0 gso_size=0 gso_segs=0 gso_type=0x0
            ping-8250  [003] ....  1662.702038: net_dev_xmit: dev=eno1d1 skbaddr=ffff881031a70a00 len=98 rc=0
          <idle>-0     [002] ..s.  1662.702124: napi_gro_frags_entry: dev=eno1d1 napi_id=0x0 queue_mapping=6 skbaddr=ffff88103292c800 vlan_tagged=0 vlan_proto=0x0000 vlan_tci=0x0000 protocol=0x0800 ip_summed=0 hash=0x1d701905 l4_hash=0 len=84 data_len=84 truesize=3008 mac_header_valid=1 mac_header=-14 nr_frags=1 gso_size=0 gso_type=0x0
          <idle>-0     [002] ..s.  1662.702132: netif_receive_skb: dev=eno1d1 skbaddr=ffff88103292c800 len=84
          <idle>-0     [010] ..s.  1663.251250: napi_gro_frags_entry: dev=eno1 napi_id=0x0 queue_mapping=1 skbaddr=ffff881002191600 vlan_tagged=0 vlan_proto=0x0000 vlan_tci=0x0000 protocol=0x0806 ip_summed=0 hash=0x68bb64a5 l4_hash=0 len=46 data_len=46 truesize=3008 mac_header_valid=1 mac_header=-14 nr_frags=1 gso_size=0 gso_type=0x0
          <idle>-0     [010] .Ns.  1663.251264: netif_receive_skb: dev=eno1 skbaddr=ffff881002191600 len=46
          <idle>-0     [012] ..s.  1663.317909: napi_gro_frags_entry: dev=eno1 napi_id=0x0 queue_mapping=12 skbaddr=ffff881033669200 vlan_tagged=0 vlan_proto=0x0000 vlan_tci=0x0000 protocol=0x0800 ip_summed=1 hash=0x3c3b509b l4_hash=1 len=321 data_len=321 truesize=3008 mac_header_valid=1 mac_header=-14 nr_frags=1 gso_size=0 gso_type=0x0
          <idle>-0     [012] .Ns.  1663.317924: netif_receive_skb: dev=eno1 skbaddr=ffff881033669200 len=321
          <idle>-0     [010] ..s.  1663.531573: napi_gro_frags_entry: dev=eno1 napi_id=0x0 queue_mapping=1 skbaddr=ffff881002191600 vlan_tagged=0 vlan_proto=0x0000 vlan_tci=0x0000 protocol=0x0806 ip_summed=0 hash=0x68bb64a5 l4_hash=0 len=46 data_len=46 truesize=3008 mac_header_valid=1 mac_header=-14 nr_frags=1 gso_size=0 gso_type=0x0
          <idle>-0     [010] .Ns.  1663.531588: netif_receive_skb: dev=eno1 skbaddr=ffff881002191600 len=46
          <idle>-0     [010] ..s.  1663.589432: napi_gro_frags_entry: dev=eno1 napi_id=0x0 queue_mapping=1 skbaddr=ffff881002191600 vlan_tagged=0 vlan_proto=0x0000 vlan_tci=0x0000 protocol=0x0806 ip_summed=0 hash=0x68bb64a5 l4_hash=0 len=46 data_len=46 truesize=3008 mac_header_valid=1 mac_header=-14 nr_frags=1 gso_size=0 gso_type=0x0
          <idle>-0     [010] .Ns.  1663.589446: netif_receive_skb: dev=eno1 skbaddr=ffff881002191600 len=46
            ping-8250  [003] ....  1663.702036: net_dev_queue: dev=eno1d1 skbaddr=ffff881031a71a00 len=98
            ping-8250  [003] ....  1663.702052: net_dev_start_xmit: dev=eno1d1 queue_mapping=3 skbaddr=ffff881031a71a00 vlan_tagged=0 vlan_proto=0x0000 vlan_tci=0x0000 protocol=0x0800 ip_summed=0 len=98 data_len=0 network_offset=14 transport_offset_valid=1 transport_offset=34 tx_flags=0 gso_size=0 gso_segs=0 gso_type=0x0
            ping-8250  [003] ....  1663.702055: net_dev_xmit: dev=eno1d1 skbaddr=ffff881031a71a00 len=98 rc=0
          <idle>-0     [002] ..s.  1663.702178: napi_gro_frags_entry: dev=eno1d1 napi_id=0x0 queue_mapping=6 skbaddr=ffff88103292d900 vlan_tagged=0 vlan_proto=0x0000 vlan_tci=0x0000 protocol=0x0800 ip_summed=0 hash=0x1d701905 l4_hash=0 len=84 data_len=84 truesize=3008 mac_header_valid=1 mac_header=-14 nr_frags=1 gso_size=0 gso_type=0x0
          <idle>-0     [002] .Ns.  1663.702189: netif_receive_skb: dev=eno1d1 skbaddr=ffff88103292d900 len=84
          <idle>-0     [010] ..s.  1663.819060: napi_gro_frags_entry: dev=eno1 napi_id=0x0 queue_mapping=1 skbaddr=ffff881002191600 vlan_tagged=0 vlan_proto=0x0000 vlan_tci=0x0000 protocol=0x0806 ip_summed=0 hash=0x05e43fb0 l4_hash=0 len=46 data_len=46 truesize=3008 mac_header_valid=1 mac_header=-14 nr_frags=1 gso_size=0 gso_type=0x0
          <idle>-0     [010] .Ns.  1663.819075: netif_receive_skb: dev=eno1 skbaddr=ffff881002191600 len=46
          <idle>-0     [010] ..s.  1664.197048: napi_gro_frags_entry: dev=eno1 napi_id=0x0 queue_mapping=16 skbaddr=ffff881002191600 vlan_tagged=0 vlan_proto=0x0000 vlan_tci=0x0000 protocol=0x0800 ip_summed=1 hash=0x3e1dbb1f l4_hash=1 len=46 data_len=46 truesize=3008 mac_header_valid=1 mac_header=-14 nr_frags=1 gso_size=0 gso_type=0x0
          <idle>-0     [010] .Ns.  1664.197063: netif_receive_skb: dev=eno1 skbaddr=ffff881002191600 len=46
          <idle>-0     [010] .Ns.  1664.197094: net_dev_queue: dev=eno1 skbaddr=ffff881002191500 len=66
          <idle>-0     [010] .Ns.  1664.197096: net_dev_start_xmit: dev=eno1 queue_mapping=10 skbaddr=ffff881002191500 vlan_tagged=0 vlan_proto=0x0000 vlan_tci=0x0000 protocol=0x0800 ip_summed=3 len=66 data_len=0 network_offset=14 transport_offset_valid=1 transport_offset=34 tx_flags=0 gso_size=0 gso_segs=1 gso_type=0x1
          <idle>-0     [010] .Ns.  1664.197099: net_dev_xmit: dev=eno1 skbaddr=ffff881002191500 len=66 rc=0
          <idle>-0     [012] ..s.  1664.461826: napi_gro_frags_entry: dev=eno1 napi_id=0x0 queue_mapping=12 skbaddr=ffff881033668800 vlan_tagged=0 vlan_proto=0x0000 vlan_tci=0x0000 protocol=0x0800 ip_summed=1 hash=0x3c3b509b l4_hash=1 len=328 data_len=328 truesize=3008 mac_header_valid=1 mac_header=-14 nr_frags=1 gso_size=0 gso_type=0x0
          <idle>-0     [012] .Ns.  1664.461842: netif_receive_skb: dev=eno1 skbaddr=ffff881033668800 len=328
            ping-8250  [004] ....  1664.701991: net_dev_queue: dev=eno1d1 skbaddr=ffff881016784500 len=98
            ping-8250  [004] ....  1664.702008: net_dev_start_xmit: dev=eno1d1 queue_mapping=4 skbaddr=ffff881016784500 vlan_tagged=0 vlan_proto=0x0000 vlan_tci=0x0000 protocol=0x0800 ip_summed=0 len=98 data_len=0 network_offset=14 transport_offset_valid=1 transport_offset=34 tx_flags=0 gso_size=0 gso_segs=0 gso_type=0x0
            ping-8250  [004] ....  1664.702011: net_dev_xmit: dev=eno1d1 skbaddr=ffff881016784500 len=98 rc=0
          <idle>-0     [002] ..s.  1664.702181: napi_gro_frags_entry: dev=eno1d1 napi_id=0x0 queue_mapping=6 skbaddr=ffff88103292c800 vlan_tagged=0 vlan_proto=0x0000 vlan_tci=0x0000 protocol=0x0800 ip_summed=0 hash=0x1d701905 l4_hash=0 len=84 data_len=84 truesize=3008 mac_header_valid=1 mac_header=-14 nr_frags=1 gso_size=0 gso_type=0x0
          <idle>-0     [002] .Ns.  1664.702197: netif_receive_skb: dev=eno1d1 skbaddr=ffff88103292c800 len=84
          <idle>-0     [010] ..s.  1665.101324: napi_gro_frags_entry: dev=eno1 napi_id=0x0 queue_mapping=1 skbaddr=ffff881002191000 vlan_tagged=0 vlan_proto=0x0000 vlan_tci=0x0000 protocol=0x0806 ip_summed=0 hash=0xfd35ef46 l4_hash=0 len=46 data_len=46 truesize=3008 mac_header_valid=1 mac_header=-14 nr_frags=1 gso_size=0 gso_type=0x0
          <idle>-0     [010] .Ns.  1665.101338: netif_receive_skb: dev=eno1 skbaddr=ffff881002191000 len=46
          <idle>-0     [010] ..s.  1665.265406: napi_gro_frags_entry: dev=eno1 napi_id=0x0 queue_mapping=1 skbaddr=ffff881002191000 vlan_tagged=0 vlan_proto=0x0000 vlan_tci=0x0000 protocol=0x0806 ip_summed=0 hash=0xfd35ef46 l4_hash=0 len=46 data_len=46 truesize=3008 mac_header_valid=1 mac_header=-14 nr_frags=1 gso_size=0 gso_type=0x0
          <idle>-0     [010] .Ns.  1665.265420: netif_receive_skb: dev=eno1 skbaddr=ffff881002191000 len=46
          <idle>-0     [012] ..s.  1665.673739: napi_gro_frags_entry: dev=eno1 napi_id=0x0 queue_mapping=12 skbaddr=ffff881033669200 vlan_tagged=0 vlan_proto=0x0000 vlan_tci=0x0000 protocol=0x0800 ip_summed=1 hash=0x3c3b509b l4_hash=1 len=320 data_len=320 truesize=3008 mac_header_valid=1 mac_header=-14 nr_frags=1 gso_size=0 gso_type=0x0
          <idle>-0     [012] .Ns.  1665.673754: netif_receive_skb: dev=eno1 skbaddr=ffff881033669200 len=320
            ping-8250  [005] ....  1665.701981: net_dev_queue: dev=eno1d1 skbaddr=ffff881033b90500 len=98
            ping-8250  [005] ....  1665.701997: net_dev_start_xmit: dev=eno1d1 queue_mapping=5 skbaddr=ffff881033b90500 vlan_tagged=0 vlan_proto=0x0000 vlan_tci=0x0000 protocol=0x0800 ip_summed=0 len=98 data_len=0 network_offset=14 transport_offset_valid=1 transport_offset=34 tx_flags=0 gso_size=0 gso_segs=0 gso_type=0x0
            ping-8250  [005] ....  1665.702000: net_dev_xmit: dev=eno1d1 skbaddr=ffff881033b90500 len=98 rc=0
          <idle>-0     [002] ..s.  1665.702132: napi_gro_frags_entry: dev=eno1d1 napi_id=0x0 queue_mapping=6 skbaddr=ffff88103292c900 vlan_tagged=0 vlan_proto=0x0000 vlan_tci=0x0000 protocol=0x0800 ip_summed=0 hash=0x1d701905 l4_hash=0 len=84 data_len=84 truesize=3008 mac_header_valid=1 mac_header=-14 nr_frags=1 gso_size=0 gso_type=0x0
          <idle>-0     [002] .Ns.  1665.702147: netif_receive_skb: dev=eno1d1 skbaddr=ffff88103292c900 len=84
          <idle>-0     [012] ..s.  1665.960735: napi_gro_frags_entry: dev=eno1 napi_id=0x0 queue_mapping=12 skbaddr=ffff881033668800 vlan_tagged=0 vlan_proto=0x0000 vlan_tci=0x0000 protocol=0x0800 ip_summed=1 hash=0x3c3b509b l4_hash=1 len=320 data_len=320 truesize=3008 mac_header_valid=1 mac_header=-14 nr_frags=1 gso_size=0 gso_type=0x0
          <idle>-0     [012] .Ns.  1665.960748: netif_receive_skb: dev=eno1 skbaddr=ffff881033668800 len=320
          <idle>-0     [010] ..s.  1666.185487: napi_gro_frags_entry: dev=eno1 napi_id=0x0 queue_mapping=1 skbaddr=ffff881002190800 vlan_tagged=0 vlan_proto=0x0000 vlan_tci=0x0000 protocol=0x0806 ip_summed=0 hash=0x2ff4ecc7 l4_hash=0 len=46 data_len=46 truesize=3008 mac_header_valid=1 mac_header=-14 nr_frags=1 gso_size=0 gso_type=0x0
          <idle>-0     [010] .Ns.  1666.185502: netif_receive_skb: dev=eno1 skbaddr=ffff881002190800 len=46
          <idle>-0     [010] ..s.  1666.343039: napi_gro_frags_entry: dev=eno1 napi_id=0x0 queue_mapping=1 skbaddr=ffff881002190800 vlan_tagged=0 vlan_proto=0x0000 vlan_tci=0x0000 protocol=0x0806 ip_summed=0 hash=0x2ff4ecc7 l4_hash=0 len=46 data_len=46 truesize=3008 mac_header_valid=1 mac_header=-14 nr_frags=1 gso_size=0 gso_type=0x0
          <idle>-0     [010] .Ns.  1666.343053: netif_receive_skb: dev=eno1 skbaddr=ffff881002190800 len=46
          <idle>-0     [010] ..s.  1666.485668: napi_gro_frags_entry: dev=eno1 napi_id=0x0 queue_mapping=1 skbaddr=ffff881002190200 vlan_tagged=0 vlan_proto=0x0000 vlan_tci=0x0000 protocol=0x0806 ip_summed=0 hash=0x2ff4ecc7 l4_hash=0 len=46 data_len=46 truesize=3008 mac_header_valid=1 mac_header=-14 nr_frags=1 gso_size=0 gso_type=0x0
          <idle>-0     [010] .Ns.  1666.485682: netif_receive_skb: dev=eno1 skbaddr=ffff881002190200 len=46
            ping-8250  [006] ....  1666.701977: net_dev_queue: dev=eno1d1 skbaddr=ffff8810162c9400 len=98
            ping-8250  [006] ....  1666.701993: net_dev_start_xmit: dev=eno1d1 queue_mapping=6 skbaddr=ffff8810162c9400 vlan_tagged=0 vlan_proto=0x0000 vlan_tci=0x0000 protocol=0x0800 ip_summed=0 len=98 data_len=0 network_offset=14 transport_offset_valid=1 transport_offset=34 tx_flags=0 gso_size=0 gso_segs=0 gso_type=0x0
            ping-8250  [006] ....  1666.701995: net_dev_xmit: dev=eno1d1 skbaddr=ffff8810162c9400 len=98 rc=0
          <idle>-0     [002] ..s.  1666.702132: napi_gro_frags_entry: dev=eno1d1 napi_id=0x0 queue_mapping=6 skbaddr=ffff88103292d000 vlan_tagged=0 vlan_proto=0x0000 vlan_tci=0x0000 protocol=0x0800 ip_summed=0 hash=0x1d701905 l4_hash=0 len=84 data_len=84 truesize=3008 mac_header_valid=1 mac_header=-14 nr_frags=1 gso_size=0 gso_type=0x0
          <idle>-0     [002] .Ns.  1666.702147: netif_receive_skb: dev=eno1d1 skbaddr=ffff88103292d000 len=84
          <idle>-0     [007] ..s.  1666.718137: napi_gro_frags_entry: dev=eno1d1 napi_id=0x0 queue_mapping=1 skbaddr=ffff88102fffc000 vlan_tagged=0 vlan_proto=0x0000 vlan_tci=0x0000 protocol=0x0806 ip_summed=0 hash=0x2ff4ecc7 l4_hash=0 len=46 data_len=46 truesize=3008 mac_header_valid=1 mac_header=-14 nr_frags=1 gso_size=0 gso_type=0x0
          <idle>-0     [007] .Ns.  1666.718152: netif_receive_skb: dev=eno1d1 skbaddr=ffff88102fffc000 len=46
          <idle>-0     [007] .Ns.  1666.718162: net_dev_queue: dev=eno1d1 skbaddr=ffff88102fffdf00 len=42
          <idle>-0     [007] .Ns.  1666.718164: net_dev_start_xmit: dev=eno1d1 queue_mapping=7 skbaddr=ffff88102fffdf00 vlan_tagged=0 vlan_proto=0x0000 vlan_tci=0x0000 protocol=0x0806 ip_summed=0 len=42 data_len=0 network_offset=14 transport_offset_valid=0 transport_offset=65533 tx_flags=0 gso_size=0 gso_segs=0 gso_type=0x0
          <idle>-0     [007] .Ns.  1666.718166: net_dev_xmit: dev=eno1d1 skbaddr=ffff88102fffdf00 len=42 rc=0
          <idle>-0     [010] ..s.  1667.536992: napi_gro_frags_entry: dev=eno1 napi_id=0x0 queue_mapping=1 skbaddr=ffff881002190700 vlan_tagged=0 vlan_proto=0x0000 vlan_tci=0x0000 protocol=0x0806 ip_summed=0 hash=0x2ff4ecc7 l4_hash=0 len=46 data_len=46 truesize=3008 mac_header_valid=1 mac_header=-14 nr_frags=1 gso_size=0 gso_type=0x0
          <idle>-0     [010] .Ns.  1667.537007: netif_receive_skb: dev=eno1 skbaddr=ffff881002190700 len=46
            ping-8250  [007] ....  1667.701953: net_dev_queue: dev=eno1d1 skbaddr=ffff88102fffd700 len=98
            ping-8250  [007] ....  1667.701969: net_dev_start_xmit: dev=eno1d1 queue_mapping=7 skbaddr=ffff88102fffd700 vlan_tagged=0 vlan_proto=0x0000 vlan_tci=0x0000 protocol=0x0800 ip_summed=0 len=98 data_len=0 network_offset=14 transport_offset_valid=1 transport_offset=34 tx_flags=0 gso_size=0 gso_segs=0 gso_type=0x0
            ping-8250  [007] ....  1667.701972: net_dev_xmit: dev=eno1d1 skbaddr=ffff88102fffd700 len=98 rc=0
          <idle>-0     [002] ..s.  1667.702111: napi_gro_frags_entry: dev=eno1d1 napi_id=0x0 queue_mapping=6 skbaddr=ffff88103292c000 vlan_tagged=0 vlan_proto=0x0000 vlan_tci=0x0000 protocol=0x0800 ip_summed=0 hash=0x1d701905 l4_hash=0 len=84 data_len=84 truesize=3008 mac_header_valid=1 mac_header=-14 nr_frags=1 gso_size=0 gso_type=0x0
          <idle>-0     [002] .Ns.  1667.702126: netif_receive_skb: dev=eno1d1 skbaddr=ffff88103292c000 len=84
Done.
