     kworker/2:1-8524  [002] ....  1939.774430: net_dev_queue: dev=docker0 skbaddr=ffff88102fe1f500 len=78
     kworker/2:1-8524  [002] ....  1939.774441: net_dev_start_xmit: dev=docker0 queue_mapping=0 skbaddr=ffff88102fe1f500 vlan_tagged=0 vlan_proto=0x0000 vlan_tci=0x0000 protocol=0x86dd ip_summed=0 len=78 data_len=0 network_offset=14 transport_offset_valid=1 transport_offset=54 tx_flags=0 gso_size=0 gso_segs=0 gso_type=0x0
     kworker/2:1-8524  [002] ....  1939.774445: net_dev_queue: dev=veth762d14f skbaddr=ffff88102fe1f500 len=78
     kworker/2:1-8524  [002] ....  1939.774446: net_dev_start_xmit: dev=veth762d14f queue_mapping=0 skbaddr=ffff88102fe1f500 vlan_tagged=0 vlan_proto=0x0000 vlan_tci=0x0000 protocol=0x86dd ip_summed=0 len=78 data_len=0 network_offset=14 transport_offset_valid=1 transport_offset=54 tx_flags=0 gso_size=0 gso_segs=0 gso_type=0x0
     kworker/2:1-8524  [002] ....  1939.774448: netif_rx: dev=eth0 skbaddr=ffff88102fe1f500 len=64
     kworker/2:1-8524  [002] ....  1939.774449: net_dev_xmit: dev=veth762d14f skbaddr=ffff88102fe1f500 len=78 rc=0
     kworker/2:1-8524  [002] ....  1939.774450: net_dev_xmit: dev=docker0 skbaddr=ffff88102fe1f500 len=78 rc=0
     kworker/2:1-8524  [002] ..s1  1939.774454: netif_receive_skb: dev=eth0 skbaddr=ffff88102fe1f500 len=64
          <idle>-0     [010] ..s.  1939.887292: napi_gro_frags_entry: dev=eno1 napi_id=0x0 queue_mapping=1 skbaddr=ffff88102fe24c00 vlan_tagged=0 vlan_proto=0x0000 vlan_tci=0x0000 protocol=0x0806 ip_summed=0 hash=0xc65fd4c4 l4_hash=0 len=46 data_len=46 truesize=3008 mac_header_valid=1 mac_header=-14 nr_frags=1 gso_size=0 gso_type=0x0
          <idle>-0     [010] .Ns.  1939.887307: netif_receive_skb: dev=eno1 skbaddr=ffff88102fe24c00 len=46
            ping-8538  [003] ....  1940.172673: net_dev_queue: dev=eth0 skbaddr=ffff8810351fb300 len=98
            ping-8538  [003] ....  1940.172689: net_dev_start_xmit: dev=eth0 queue_mapping=0 skbaddr=ffff8810351fb300 vlan_tagged=0 vlan_proto=0x0000 vlan_tci=0x0000 protocol=0x0800 ip_summed=0 len=98 data_len=0 network_offset=14 transport_offset_valid=1 transport_offset=34 tx_flags=0 gso_size=0 gso_segs=0 gso_type=0x0
            ping-8538  [003] ....  1940.172692: netif_rx: dev=veth762d14f skbaddr=ffff8810351fb300 len=84
            ping-8538  [003] ....  1940.172693: net_dev_xmit: dev=eth0 skbaddr=ffff8810351fb300 len=98 rc=0
            ping-8538  [003] ..s1  1940.172695: netif_receive_skb: dev=veth762d14f skbaddr=ffff8810351fb300 len=84
            ping-8538  [003] ..s1  1940.172706: netif_receive_skb_entry: dev=docker0 napi_id=0x4 queue_mapping=0 skbaddr=ffff8810351fb300 vlan_tagged=0 vlan_proto=0x0000 vlan_tci=0x0000 protocol=0x0800 ip_summed=2 hash=0x00000000 l4_hash=0 len=84 data_len=0 truesize=768 mac_header_valid=1 mac_header=-14 nr_frags=0 gso_size=0 gso_type=0x0
            ping-8538  [003] ..s1  1940.172707: netif_receive_skb: dev=docker0 skbaddr=ffff8810351fb300 len=84
            ping-8538  [003] ..s1  1940.172722: net_dev_queue: dev=eno1d1 skbaddr=ffff8810351fb300 len=98
            ping-8538  [003] ..s1  1940.172724: net_dev_start_xmit: dev=eno1d1 queue_mapping=3 skbaddr=ffff8810351fb300 vlan_tagged=0 vlan_proto=0x0000 vlan_tci=0x0000 protocol=0x0800 ip_summed=0 len=98 data_len=0 network_offset=14 transport_offset_valid=1 transport_offset=34 tx_flags=0 gso_size=0 gso_segs=0 gso_type=0x0
            ping-8538  [003] ..s1  1940.172730: net_dev_xmit: dev=eno1d1 skbaddr=ffff8810351fb300 len=98 rc=0
          <idle>-0     [002] ..s.  1940.172862: napi_gro_frags_entry: dev=eno1d1 napi_id=0x0 queue_mapping=6 skbaddr=ffff88102fe1e900 vlan_tagged=0 vlan_proto=0x0000 vlan_tci=0x0000 protocol=0x0800 ip_summed=0 hash=0x1d701905 l4_hash=0 len=84 data_len=84 truesize=3008 mac_header_valid=1 mac_header=-14 nr_frags=1 gso_size=0 gso_type=0x0
          <idle>-0     [002] .Ns.  1940.172873: netif_receive_skb: dev=eno1d1 skbaddr=ffff88102fe1e900 len=84
          <idle>-0     [002] .Ns.  1940.172890: net_dev_queue: dev=docker0 skbaddr=ffff88102fe1e900 len=98
          <idle>-0     [002] .Ns.  1940.172892: net_dev_start_xmit: dev=docker0 queue_mapping=0 skbaddr=ffff88102fe1e900 vlan_tagged=0 vlan_proto=0x0000 vlan_tci=0x0000 protocol=0x0800 ip_summed=0 len=98 data_len=56 network_offset=14 transport_offset_valid=1 transport_offset=34 tx_flags=0 gso_size=0 gso_segs=0 gso_type=0x0
          <idle>-0     [002] .Ns.  1940.172895: net_dev_queue: dev=veth762d14f skbaddr=ffff88102fe1e900 len=98
          <idle>-0     [002] .Ns.  1940.172896: net_dev_start_xmit: dev=veth762d14f queue_mapping=0 skbaddr=ffff88102fe1e900 vlan_tagged=0 vlan_proto=0x0000 vlan_tci=0x0000 protocol=0x0800 ip_summed=0 len=98 data_len=56 network_offset=14 transport_offset_valid=1 transport_offset=34 tx_flags=0 gso_size=0 gso_segs=0 gso_type=0x0
          <idle>-0     [002] .Ns.  1940.172897: netif_rx: dev=eth0 skbaddr=ffff88102fe1e900 len=84
          <idle>-0     [002] .Ns.  1940.172898: net_dev_xmit: dev=veth762d14f skbaddr=ffff88102fe1e900 len=98 rc=0
          <idle>-0     [002] .Ns.  1940.172899: net_dev_xmit: dev=docker0 skbaddr=ffff88102fe1e900 len=98 rc=0
     ksoftirqd/2-18    [002] ..s.  1940.172910: netif_receive_skb: dev=eth0 skbaddr=ffff88102fe1e900 len=84
          <idle>-0     [012] ..s.  1940.609687: napi_gro_frags_entry: dev=eno1 napi_id=0x0 queue_mapping=12 skbaddr=ffff881033ed0c00 vlan_tagged=0 vlan_proto=0x0000 vlan_tci=0x0000 protocol=0x0800 ip_summed=1 hash=0x3c3b509b l4_hash=1 len=320 data_len=320 truesize=3008 mac_header_valid=1 mac_header=-14 nr_frags=1 gso_size=0 gso_type=0x0
          <idle>-0     [012] .Ns.  1940.609703: netif_receive_skb: dev=eno1 skbaddr=ffff881033ed0c00 len=320
     kworker/2:1-8524  [002] ....  1940.746155: net_dev_queue: dev=veth762d14f skbaddr=ffff88102fe1e500 len=90
     kworker/2:1-8524  [002] ....  1940.746167: net_dev_start_xmit: dev=veth762d14f queue_mapping=0 skbaddr=ffff88102fe1e500 vlan_tagged=0 vlan_proto=0x0000 vlan_tci=0x0000 protocol=0x86dd ip_summed=0 len=90 data_len=0 network_offset=14 transport_offset_valid=1 transport_offset=62 tx_flags=0 gso_size=0 gso_segs=0 gso_type=0x0
     kworker/2:1-8524  [002] ....  1940.746170: netif_rx: dev=eth0 skbaddr=ffff88102fe1e500 len=76
     kworker/2:1-8524  [002] ....  1940.746171: net_dev_xmit: dev=veth762d14f skbaddr=ffff88102fe1e500 len=90 rc=0
     kworker/2:1-8524  [002] ..s1  1940.746173: netif_receive_skb: dev=eth0 skbaddr=ffff88102fe1e500 len=76
     kworker/2:1-8524  [002] ....  1940.746186: net_dev_queue: dev=veth762d14f skbaddr=ffff88102fe1e500 len=70
     kworker/2:1-8524  [002] ....  1940.746187: net_dev_start_xmit: dev=veth762d14f queue_mapping=0 skbaddr=ffff88102fe1e500 vlan_tagged=0 vlan_proto=0x0000 vlan_tci=0x0000 protocol=0x86dd ip_summed=0 len=70 data_len=0 network_offset=14 transport_offset_valid=1 transport_offset=54 tx_flags=0 gso_size=0 gso_segs=0 gso_type=0x0
     kworker/2:1-8524  [002] ....  1940.746188: netif_rx: dev=eth0 skbaddr=ffff88102fe1e500 len=56
     kworker/2:1-8524  [002] ....  1940.746188: net_dev_xmit: dev=veth762d14f skbaddr=ffff88102fe1e500 len=70 rc=0
     kworker/2:1-8524  [002] ..s1  1940.746190: netif_receive_skb: dev=eth0 skbaddr=ffff88102fe1e500 len=56
     kworker/2:1-8524  [002] ....  1940.774108: net_dev_queue: dev=docker0 skbaddr=ffff88102fe1e500 len=90
     kworker/2:1-8524  [002] ....  1940.774120: net_dev_start_xmit: dev=docker0 queue_mapping=0 skbaddr=ffff88102fe1e500 vlan_tagged=0 vlan_proto=0x0000 vlan_tci=0x0000 protocol=0x86dd ip_summed=0 len=90 data_len=0 network_offset=14 transport_offset_valid=1 transport_offset=62 tx_flags=0 gso_size=0 gso_segs=0 gso_type=0x0
     kworker/2:1-8524  [002] ....  1940.774128: net_dev_queue: dev=veth762d14f skbaddr=ffff88102fe1e500 len=90
     kworker/2:1-8524  [002] ....  1940.774129: net_dev_start_xmit: dev=veth762d14f queue_mapping=0 skbaddr=ffff88102fe1e500 vlan_tagged=0 vlan_proto=0x0000 vlan_tci=0x0000 protocol=0x86dd ip_summed=2 len=90 data_len=0 network_offset=14 transport_offset_valid=1 transport_offset=62 tx_flags=0 gso_size=0 gso_segs=0 gso_type=0x0
     kworker/2:1-8524  [002] ....  1940.774132: netif_rx: dev=eth0 skbaddr=ffff88102fe1e500 len=76
     kworker/2:1-8524  [002] ....  1940.774133: net_dev_xmit: dev=veth762d14f skbaddr=ffff88102fe1e500 len=90 rc=0
     kworker/2:1-8524  [002] ....  1940.774134: net_dev_xmit: dev=docker0 skbaddr=ffff88102fe1e500 len=90 rc=0
     kworker/2:1-8524  [002] ..s1  1940.774136: netif_receive_skb: dev=eth0 skbaddr=ffff88102fe1e500 len=76
     kworker/2:1-8524  [002] ....  1940.774149: net_dev_queue: dev=docker0 skbaddr=ffff88102fe1e500 len=70
     kworker/2:1-8524  [002] ....  1940.774150: net_dev_start_xmit: dev=docker0 queue_mapping=0 skbaddr=ffff88102fe1e500 vlan_tagged=0 vlan_proto=0x0000 vlan_tci=0x0000 protocol=0x86dd ip_summed=0 len=70 data_len=0 network_offset=14 transport_offset_valid=1 transport_offset=54 tx_flags=0 gso_size=0 gso_segs=0 gso_type=0x0
     kworker/2:1-8524  [002] ....  1940.774152: net_dev_queue: dev=veth762d14f skbaddr=ffff88102fe1e500 len=70
     kworker/2:1-8524  [002] ....  1940.774153: net_dev_start_xmit: dev=veth762d14f queue_mapping=0 skbaddr=ffff88102fe1e500 vlan_tagged=0 vlan_proto=0x0000 vlan_tci=0x0000 protocol=0x86dd ip_summed=0 len=70 data_len=0 network_offset=14 transport_offset_valid=1 transport_offset=54 tx_flags=0 gso_size=0 gso_segs=0 gso_type=0x0
     kworker/2:1-8524  [002] ....  1940.774154: netif_rx: dev=eth0 skbaddr=ffff88102fe1e500 len=56
     kworker/2:1-8524  [002] ....  1940.774155: net_dev_xmit: dev=veth762d14f skbaddr=ffff88102fe1e500 len=70 rc=0
     kworker/2:1-8524  [002] ....  1940.774156: net_dev_xmit: dev=docker0 skbaddr=ffff88102fe1e500 len=70 rc=0
     kworker/2:1-8524  [002] ..s1  1940.774157: netif_receive_skb: dev=eth0 skbaddr=ffff88102fe1e500 len=56
          <idle>-0     [012] ..s.  1940.970090: napi_gro_frags_entry: dev=eno1 napi_id=0x0 queue_mapping=12 skbaddr=ffff881033ed0400 vlan_tagged=0 vlan_proto=0x0000 vlan_tci=0x0000 protocol=0x0800 ip_summed=1 hash=0x3c3b509b l4_hash=1 len=320 data_len=320 truesize=3008 mac_header_valid=1 mac_header=-14 nr_frags=1 gso_size=0 gso_type=0x0
          <idle>-0     [012] .Ns.  1940.970102: netif_receive_skb: dev=eno1 skbaddr=ffff881033ed0400 len=320
            ping-8538  [004] ....  1941.171660: net_dev_queue: dev=eth0 skbaddr=ffff881033669000 len=98
            ping-8538  [004] ....  1941.171676: net_dev_start_xmit: dev=eth0 queue_mapping=0 skbaddr=ffff881033669000 vlan_tagged=0 vlan_proto=0x0000 vlan_tci=0x0000 protocol=0x0800 ip_summed=0 len=98 data_len=0 network_offset=14 transport_offset_valid=1 transport_offset=34 tx_flags=0 gso_size=0 gso_segs=0 gso_type=0x0
            ping-8538  [004] ....  1941.171680: netif_rx: dev=veth762d14f skbaddr=ffff881033669000 len=84
            ping-8538  [004] ....  1941.171681: net_dev_xmit: dev=eth0 skbaddr=ffff881033669000 len=98 rc=0
            ping-8538  [004] ..s1  1941.171684: netif_receive_skb: dev=veth762d14f skbaddr=ffff881033669000 len=84
            ping-8538  [004] ..s1  1941.171696: netif_receive_skb_entry: dev=docker0 napi_id=0x5 queue_mapping=0 skbaddr=ffff881033669000 vlan_tagged=0 vlan_proto=0x0000 vlan_tci=0x0000 protocol=0x0800 ip_summed=2 hash=0x00000000 l4_hash=0 len=84 data_len=0 truesize=768 mac_header_valid=1 mac_header=-14 nr_frags=0 gso_size=0 gso_type=0x0
            ping-8538  [004] ..s1  1941.171700: netif_receive_skb: dev=docker0 skbaddr=ffff881033669000 len=84
            ping-8538  [004] ..s1  1941.171716: net_dev_queue: dev=eno1d1 skbaddr=ffff881033669000 len=98
            ping-8538  [004] ..s1  1941.171718: net_dev_start_xmit: dev=eno1d1 queue_mapping=4 skbaddr=ffff881033669000 vlan_tagged=0 vlan_proto=0x0000 vlan_tci=0x0000 protocol=0x0800 ip_summed=0 len=98 data_len=0 network_offset=14 transport_offset_valid=1 transport_offset=34 tx_flags=0 gso_size=0 gso_segs=0 gso_type=0x0
            ping-8538  [004] ..s1  1941.171721: net_dev_xmit: dev=eno1d1 skbaddr=ffff881033669000 len=98 rc=0
          <idle>-0     [002] ..s.  1941.171877: napi_gro_frags_entry: dev=eno1d1 napi_id=0x0 queue_mapping=6 skbaddr=ffff88102fe1e500 vlan_tagged=0 vlan_proto=0x0000 vlan_tci=0x0000 protocol=0x0800 ip_summed=0 hash=0x1d701905 l4_hash=0 len=84 data_len=84 truesize=3008 mac_header_valid=1 mac_header=-14 nr_frags=1 gso_size=0 gso_type=0x0
          <idle>-0     [002] .Ns.  1941.171893: netif_receive_skb: dev=eno1d1 skbaddr=ffff88102fe1e500 len=84
          <idle>-0     [002] .Ns.  1941.171918: net_dev_queue: dev=docker0 skbaddr=ffff88102fe1e500 len=98
          <idle>-0     [002] .Ns.  1941.171920: net_dev_start_xmit: dev=docker0 queue_mapping=0 skbaddr=ffff88102fe1e500 vlan_tagged=0 vlan_proto=0x0000 vlan_tci=0x0000 protocol=0x0800 ip_summed=0 len=98 data_len=56 network_offset=14 transport_offset_valid=1 transport_offset=34 tx_flags=0 gso_size=0 gso_segs=0 gso_type=0x0
          <idle>-0     [002] .Ns.  1941.171924: net_dev_queue: dev=veth762d14f skbaddr=ffff88102fe1e500 len=98
          <idle>-0     [002] .Ns.  1941.171925: net_dev_start_xmit: dev=veth762d14f queue_mapping=0 skbaddr=ffff88102fe1e500 vlan_tagged=0 vlan_proto=0x0000 vlan_tci=0x0000 protocol=0x0800 ip_summed=0 len=98 data_len=56 network_offset=14 transport_offset_valid=1 transport_offset=34 tx_flags=0 gso_size=0 gso_segs=0 gso_type=0x0
          <idle>-0     [002] .Ns.  1941.171927: netif_rx: dev=eth0 skbaddr=ffff88102fe1e500 len=84
          <idle>-0     [002] .Ns.  1941.171929: net_dev_xmit: dev=veth762d14f skbaddr=ffff88102fe1e500 len=98 rc=0
          <idle>-0     [002] .Ns.  1941.171930: net_dev_xmit: dev=docker0 skbaddr=ffff88102fe1e500 len=98 rc=0
     ksoftirqd/2-18    [002] ..s.  1941.171946: netif_receive_skb: dev=eth0 skbaddr=ffff88102fe1e500 len=84
          <idle>-0     [010] ..s.  1941.186415: napi_gro_frags_entry: dev=eno1 napi_id=0x0 queue_mapping=1 skbaddr=ffff88102fe25900 vlan_tagged=0 vlan_proto=0x0000 vlan_tci=0x0000 protocol=0x0806 ip_summed=0 hash=0x111d0454 l4_hash=0 len=46 data_len=46 truesize=3008 mac_header_valid=1 mac_header=-14 nr_frags=1 gso_size=0 gso_type=0x0
          <idle>-0     [010] .Ns.  1941.186429: netif_receive_skb: dev=eno1 skbaddr=ffff88102fe25900 len=46
          <idle>-0     [002] .Ns.  1941.326063: net_dev_queue: dev=docker0 skbaddr=ffff88102fe1e500 len=90
          <idle>-0     [002] .Ns.  1941.326075: net_dev_start_xmit: dev=docker0 queue_mapping=0 skbaddr=ffff88102fe1e500 vlan_tagged=0 vlan_proto=0x0000 vlan_tci=0x0000 protocol=0x86dd ip_summed=0 len=90 data_len=0 network_offset=14 transport_offset_valid=1 transport_offset=62 tx_flags=0 gso_size=0 gso_segs=0 gso_type=0x0
          <idle>-0     [002] .Ns.  1941.326085: net_dev_queue: dev=veth762d14f skbaddr=ffff88102fe1e500 len=90
          <idle>-0     [002] .Ns.  1941.326087: net_dev_start_xmit: dev=veth762d14f queue_mapping=0 skbaddr=ffff88102fe1e500 vlan_tagged=0 vlan_proto=0x0000 vlan_tci=0x0000 protocol=0x86dd ip_summed=2 len=90 data_len=0 network_offset=14 transport_offset_valid=1 transport_offset=62 tx_flags=0 gso_size=0 gso_segs=0 gso_type=0x0
          <idle>-0     [002] .Ns.  1941.326090: netif_rx: dev=eth0 skbaddr=ffff88102fe1e500 len=76
          <idle>-0     [002] .Ns.  1941.326094: net_dev_xmit: dev=veth762d14f skbaddr=ffff88102fe1e500 len=90 rc=0
          <idle>-0     [002] .Ns.  1941.326096: net_dev_xmit: dev=docker0 skbaddr=ffff88102fe1e500 len=90 rc=0
     ksoftirqd/2-18    [002] ..s.  1941.326126: netif_receive_skb: dev=eth0 skbaddr=ffff88102fe1e500 len=76
          <idle>-0     [010] ..s.  1941.342918: napi_gro_frags_entry: dev=eno1 napi_id=0x0 queue_mapping=1 skbaddr=ffff88102fe25900 vlan_tagged=0 vlan_proto=0x0000 vlan_tci=0x0000 protocol=0x0806 ip_summed=0 hash=0x111d0454 l4_hash=0 len=46 data_len=46 truesize=3008 mac_header_valid=1 mac_header=-14 nr_frags=1 gso_size=0 gso_type=0x0
          <idle>-0     [010] .Ns.  1941.342931: netif_receive_skb: dev=eno1 skbaddr=ffff88102fe25900 len=46
          <idle>-0     [002] .Ns.  1941.474052: net_dev_queue: dev=veth762d14f skbaddr=ffff88102fe1ec00 len=90
          <idle>-0     [002] .Ns.  1941.474064: net_dev_start_xmit: dev=veth762d14f queue_mapping=0 skbaddr=ffff88102fe1ec00 vlan_tagged=0 vlan_proto=0x0000 vlan_tci=0x0000 protocol=0x86dd ip_summed=0 len=90 data_len=0 network_offset=14 transport_offset_valid=1 transport_offset=62 tx_flags=0 gso_size=0 gso_segs=0 gso_type=0x0
          <idle>-0     [002] .Ns.  1941.474068: netif_rx: dev=eth0 skbaddr=ffff88102fe1ec00 len=76
          <idle>-0     [002] .Ns.  1941.474069: net_dev_xmit: dev=veth762d14f skbaddr=ffff88102fe1ec00 len=90 rc=0
     ksoftirqd/2-18    [002] ..s.  1941.474097: netif_receive_skb: dev=eth0 skbaddr=ffff88102fe1ec00 len=76
          <idle>-0     [010] ..s.  1941.488207: napi_gro_frags_entry: dev=eno1 napi_id=0x0 queue_mapping=1 skbaddr=ffff88102fe24e00 vlan_tagged=0 vlan_proto=0x0000 vlan_tci=0x0000 protocol=0x0806 ip_summed=0 hash=0x3eefd830 l4_hash=0 len=46 data_len=46 truesize=3008 mac_header_valid=1 mac_header=-14 nr_frags=1 gso_size=0 gso_type=0x0
          <idle>-0     [010] .Ns.  1941.488221: netif_receive_skb: dev=eno1 skbaddr=ffff88102fe24e00 len=46
          <idle>-0     [010] ..s.  1941.525796: napi_gro_frags_entry: dev=eno1 napi_id=0x0 queue_mapping=1 skbaddr=ffff88102fe24e00 vlan_tagged=0 vlan_proto=0x0000 vlan_tci=0x0000 protocol=0x0806 ip_summed=0 hash=0x3eefd830 l4_hash=0 len=46 data_len=46 truesize=3008 mac_header_valid=1 mac_header=-14 nr_frags=1 gso_size=0 gso_type=0x0
          <idle>-0     [010] .Ns.  1941.525810: netif_receive_skb: dev=eno1 skbaddr=ffff88102fe24e00 len=46
            ping-8538  [005] ....  1942.170649: net_dev_queue: dev=eth0 skbaddr=ffff880fea930800 len=98
            ping-8538  [005] ....  1942.170664: net_dev_start_xmit: dev=eth0 queue_mapping=0 skbaddr=ffff880fea930800 vlan_tagged=0 vlan_proto=0x0000 vlan_tci=0x0000 protocol=0x0800 ip_summed=0 len=98 data_len=0 network_offset=14 transport_offset_valid=1 transport_offset=34 tx_flags=0 gso_size=0 gso_segs=0 gso_type=0x0
            ping-8538  [005] ....  1942.170667: netif_rx: dev=veth762d14f skbaddr=ffff880fea930800 len=84
            ping-8538  [005] ....  1942.170668: net_dev_xmit: dev=eth0 skbaddr=ffff880fea930800 len=98 rc=0
            ping-8538  [005] ..s1  1942.170670: netif_receive_skb: dev=veth762d14f skbaddr=ffff880fea930800 len=84
            ping-8538  [005] ..s1  1942.170679: netif_receive_skb_entry: dev=docker0 napi_id=0x6 queue_mapping=0 skbaddr=ffff880fea930800 vlan_tagged=0 vlan_proto=0x0000 vlan_tci=0x0000 protocol=0x0800 ip_summed=2 hash=0x00000000 l4_hash=0 len=84 data_len=0 truesize=768 mac_header_valid=1 mac_header=-14 nr_frags=0 gso_size=0 gso_type=0x0
            ping-8538  [005] ..s1  1942.170680: netif_receive_skb: dev=docker0 skbaddr=ffff880fea930800 len=84
            ping-8538  [005] ..s1  1942.170694: net_dev_queue: dev=eno1d1 skbaddr=ffff880fea930800 len=98
            ping-8538  [005] ..s1  1942.170696: net_dev_start_xmit: dev=eno1d1 queue_mapping=5 skbaddr=ffff880fea930800 vlan_tagged=0 vlan_proto=0x0000 vlan_tci=0x0000 protocol=0x0800 ip_summed=0 len=98 data_len=0 network_offset=14 transport_offset_valid=1 transport_offset=34 tx_flags=0 gso_size=0 gso_segs=0 gso_type=0x0
            ping-8538  [005] ..s1  1942.170699: net_dev_xmit: dev=eno1d1 skbaddr=ffff880fea930800 len=98 rc=0
          <idle>-0     [002] ..s.  1942.170823: napi_gro_frags_entry: dev=eno1d1 napi_id=0x0 queue_mapping=6 skbaddr=ffff88102fe1ec00 vlan_tagged=0 vlan_proto=0x0000 vlan_tci=0x0000 protocol=0x0800 ip_summed=0 hash=0x1d701905 l4_hash=0 len=84 data_len=84 truesize=3008 mac_header_valid=1 mac_header=-14 nr_frags=1 gso_size=0 gso_type=0x0
          <idle>-0     [002] ..s.  1942.170832: netif_receive_skb: dev=eno1d1 skbaddr=ffff88102fe1ec00 len=84
          <idle>-0     [002] ..s.  1942.170860: net_dev_queue: dev=docker0 skbaddr=ffff88102fe1ec00 len=98
          <idle>-0     [002] ..s.  1942.170862: net_dev_start_xmit: dev=docker0 queue_mapping=0 skbaddr=ffff88102fe1ec00 vlan_tagged=0 vlan_proto=0x0000 vlan_tci=0x0000 protocol=0x0800 ip_summed=0 len=98 data_len=56 network_offset=14 transport_offset_valid=1 transport_offset=34 tx_flags=0 gso_size=0 gso_segs=0 gso_type=0x0
          <idle>-0     [002] ..s.  1942.170867: net_dev_queue: dev=veth762d14f skbaddr=ffff88102fe1ec00 len=98
          <idle>-0     [002] ..s.  1942.170869: net_dev_start_xmit: dev=veth762d14f queue_mapping=0 skbaddr=ffff88102fe1ec00 vlan_tagged=0 vlan_proto=0x0000 vlan_tci=0x0000 protocol=0x0800 ip_summed=0 len=98 data_len=56 network_offset=14 transport_offset_valid=1 transport_offset=34 tx_flags=0 gso_size=0 gso_segs=0 gso_type=0x0
          <idle>-0     [002] ..s.  1942.170871: netif_rx: dev=eth0 skbaddr=ffff88102fe1ec00 len=84
          <idle>-0     [002] ..s.  1942.170873: net_dev_xmit: dev=veth762d14f skbaddr=ffff88102fe1ec00 len=98 rc=0
          <idle>-0     [002] ..s.  1942.170874: net_dev_xmit: dev=docker0 skbaddr=ffff88102fe1ec00 len=98 rc=0
          <idle>-0     [002] ..s.  1942.170878: netif_receive_skb: dev=eth0 skbaddr=ffff88102fe1ec00 len=84
          <idle>-0     [010] ..s.  1942.313200: napi_gro_frags_entry: dev=eno1 napi_id=0x0 queue_mapping=1 skbaddr=ffff88102fe25700 vlan_tagged=0 vlan_proto=0x0000 vlan_tci=0x0000 protocol=0x0806 ip_summed=0 hash=0x71959c6f l4_hash=0 len=46 data_len=46 truesize=3008 mac_header_valid=1 mac_header=-14 nr_frags=1 gso_size=0 gso_type=0x0
          <idle>-0     [010] .Ns.  1942.313214: netif_receive_skb: dev=eno1 skbaddr=ffff88102fe25700 len=46
          <idle>-0     [010] ..s.  1942.364360: napi_gro_frags_entry: dev=eno1 napi_id=0x0 queue_mapping=1 skbaddr=ffff88102fe25900 vlan_tagged=0 vlan_proto=0x0000 vlan_tci=0x0000 protocol=0x0806 ip_summed=0 hash=0x71959c6f l4_hash=0 len=46 data_len=46 truesize=3008 mac_header_valid=1 mac_header=-14 nr_frags=1 gso_size=0 gso_type=0x0
          <idle>-0     [010] .Ns.  1942.364374: netif_receive_skb: dev=eno1 skbaddr=ffff88102fe25900 len=46
            ping-8538  [003] ....  1943.170102: net_dev_queue: dev=eth0 skbaddr=ffff8810351fa900 len=98
            ping-8538  [003] ....  1943.170117: net_dev_start_xmit: dev=eth0 queue_mapping=0 skbaddr=ffff8810351fa900 vlan_tagged=0 vlan_proto=0x0000 vlan_tci=0x0000 protocol=0x0800 ip_summed=0 len=98 data_len=0 network_offset=14 transport_offset_valid=1 transport_offset=34 tx_flags=0 gso_size=0 gso_segs=0 gso_type=0x0
            ping-8538  [003] ....  1943.170120: netif_rx: dev=veth762d14f skbaddr=ffff8810351fa900 len=84
            ping-8538  [003] ....  1943.170122: net_dev_xmit: dev=eth0 skbaddr=ffff8810351fa900 len=98 rc=0
            ping-8538  [003] ..s1  1943.170124: netif_receive_skb: dev=veth762d14f skbaddr=ffff8810351fa900 len=84
            ping-8538  [003] ..s1  1943.170134: netif_receive_skb_entry: dev=docker0 napi_id=0x4 queue_mapping=0 skbaddr=ffff8810351fa900 vlan_tagged=0 vlan_proto=0x0000 vlan_tci=0x0000 protocol=0x0800 ip_summed=2 hash=0x00000000 l4_hash=0 len=84 data_len=0 truesize=768 mac_header_valid=1 mac_header=-14 nr_frags=0 gso_size=0 gso_type=0x0
            ping-8538  [003] ..s1  1943.170138: netif_receive_skb: dev=docker0 skbaddr=ffff8810351fa900 len=84
            ping-8538  [003] ..s1  1943.170151: net_dev_queue: dev=eno1d1 skbaddr=ffff8810351fa900 len=98
            ping-8538  [003] ..s1  1943.170153: net_dev_start_xmit: dev=eno1d1 queue_mapping=3 skbaddr=ffff8810351fa900 vlan_tagged=0 vlan_proto=0x0000 vlan_tci=0x0000 protocol=0x0800 ip_summed=0 len=98 data_len=0 network_offset=14 transport_offset_valid=1 transport_offset=34 tx_flags=0 gso_size=0 gso_segs=0 gso_type=0x0
            ping-8538  [003] ..s1  1943.170155: net_dev_xmit: dev=eno1d1 skbaddr=ffff8810351fa900 len=98 rc=0
          <idle>-0     [002] ..s.  1943.170287: napi_gro_frags_entry: dev=eno1d1 napi_id=0x0 queue_mapping=6 skbaddr=ffff88102fe1e200 vlan_tagged=0 vlan_proto=0x0000 vlan_tci=0x0000 protocol=0x0800 ip_summed=0 hash=0x1d701905 l4_hash=0 len=84 data_len=84 truesize=3008 mac_header_valid=1 mac_header=-14 nr_frags=1 gso_size=0 gso_type=0x0
          <idle>-0     [002] .Ns.  1943.170298: netif_receive_skb: dev=eno1d1 skbaddr=ffff88102fe1e200 len=84
          <idle>-0     [002] .Ns.  1943.170320: net_dev_queue: dev=docker0 skbaddr=ffff88102fe1e200 len=98
          <idle>-0     [002] .Ns.  1943.170322: net_dev_start_xmit: dev=docker0 queue_mapping=0 skbaddr=ffff88102fe1e200 vlan_tagged=0 vlan_proto=0x0000 vlan_tci=0x0000 protocol=0x0800 ip_summed=0 len=98 data_len=56 network_offset=14 transport_offset_valid=1 transport_offset=34 tx_flags=0 gso_size=0 gso_segs=0 gso_type=0x0
          <idle>-0     [002] .Ns.  1943.170326: net_dev_queue: dev=veth762d14f skbaddr=ffff88102fe1e200 len=98
          <idle>-0     [002] .Ns.  1943.170327: net_dev_start_xmit: dev=veth762d14f queue_mapping=0 skbaddr=ffff88102fe1e200 vlan_tagged=0 vlan_proto=0x0000 vlan_tci=0x0000 protocol=0x0800 ip_summed=0 len=98 data_len=56 network_offset=14 transport_offset_valid=1 transport_offset=34 tx_flags=0 gso_size=0 gso_segs=0 gso_type=0x0
          <idle>-0     [002] .Ns.  1943.170329: netif_rx: dev=eth0 skbaddr=ffff88102fe1e200 len=84
          <idle>-0     [002] .Ns.  1943.170330: net_dev_xmit: dev=veth762d14f skbaddr=ffff88102fe1e200 len=98 rc=0
          <idle>-0     [002] .Ns.  1943.170331: net_dev_xmit: dev=docker0 skbaddr=ffff88102fe1e200 len=98 rc=0
     ksoftirqd/2-18    [002] ..s.  1943.170343: netif_receive_skb: dev=eth0 skbaddr=ffff88102fe1e200 len=84
          <idle>-0     [012] ..s.  1943.458394: napi_gro_frags_entry: dev=eno1 napi_id=0x0 queue_mapping=12 skbaddr=ffff881033ed0c00 vlan_tagged=0 vlan_proto=0x0000 vlan_tci=0x0000 protocol=0x0800 ip_summed=1 hash=0x3c3b509b l4_hash=1 len=321 data_len=321 truesize=3008 mac_header_valid=1 mac_header=-14 nr_frags=1 gso_size=0 gso_type=0x0
          <idle>-0     [012] .Ns.  1943.458409: netif_receive_skb: dev=eno1 skbaddr=ffff881033ed0c00 len=321
            ping-8538  [004] ....  1944.170099: net_dev_queue: dev=eth0 skbaddr=ffff881033668300 len=98
            ping-8538  [004] ....  1944.170114: net_dev_start_xmit: dev=eth0 queue_mapping=0 skbaddr=ffff881033668300 vlan_tagged=0 vlan_proto=0x0000 vlan_tci=0x0000 protocol=0x0800 ip_summed=0 len=98 data_len=0 network_offset=14 transport_offset_valid=1 transport_offset=34 tx_flags=0 gso_size=0 gso_segs=0 gso_type=0x0
            ping-8538  [004] ....  1944.170118: netif_rx: dev=veth762d14f skbaddr=ffff881033668300 len=84
            ping-8538  [004] ....  1944.170119: net_dev_xmit: dev=eth0 skbaddr=ffff881033668300 len=98 rc=0
            ping-8538  [004] ..s1  1944.170122: netif_receive_skb: dev=veth762d14f skbaddr=ffff881033668300 len=84
            ping-8538  [004] ..s1  1944.170134: netif_receive_skb_entry: dev=docker0 napi_id=0x5 queue_mapping=0 skbaddr=ffff881033668300 vlan_tagged=0 vlan_proto=0x0000 vlan_tci=0x0000 protocol=0x0800 ip_summed=2 hash=0x00000000 l4_hash=0 len=84 data_len=0 truesize=768 mac_header_valid=1 mac_header=-14 nr_frags=0 gso_size=0 gso_type=0x0
            ping-8538  [004] ..s1  1944.170138: netif_receive_skb: dev=docker0 skbaddr=ffff881033668300 len=84
            ping-8538  [004] ..s1  1944.170153: net_dev_queue: dev=eno1d1 skbaddr=ffff881033668300 len=98
            ping-8538  [004] ..s1  1944.170156: net_dev_start_xmit: dev=eno1d1 queue_mapping=4 skbaddr=ffff881033668300 vlan_tagged=0 vlan_proto=0x0000 vlan_tci=0x0000 protocol=0x0800 ip_summed=0 len=98 data_len=0 network_offset=14 transport_offset_valid=1 transport_offset=34 tx_flags=0 gso_size=0 gso_segs=0 gso_type=0x0
            ping-8538  [004] ..s1  1944.170159: net_dev_xmit: dev=eno1d1 skbaddr=ffff881033668300 len=98 rc=0
          <idle>-0     [002] ..s.  1944.170319: napi_gro_frags_entry: dev=eno1d1 napi_id=0x0 queue_mapping=6 skbaddr=ffff88102fe1e200 vlan_tagged=0 vlan_proto=0x0000 vlan_tci=0x0000 protocol=0x0800 ip_summed=0 hash=0x1d701905 l4_hash=0 len=84 data_len=84 truesize=3008 mac_header_valid=1 mac_header=-14 nr_frags=1 gso_size=0 gso_type=0x0
          <idle>-0     [002] .Ns.  1944.170335: netif_receive_skb: dev=eno1d1 skbaddr=ffff88102fe1e200 len=84
          <idle>-0     [002] .Ns.  1944.170357: net_dev_queue: dev=docker0 skbaddr=ffff88102fe1e200 len=98
          <idle>-0     [002] .Ns.  1944.170359: net_dev_start_xmit: dev=docker0 queue_mapping=0 skbaddr=ffff88102fe1e200 vlan_tagged=0 vlan_proto=0x0000 vlan_tci=0x0000 protocol=0x0800 ip_summed=0 len=98 data_len=56 network_offset=14 transport_offset_valid=1 transport_offset=34 tx_flags=0 gso_size=0 gso_segs=0 gso_type=0x0
          <idle>-0     [002] .Ns.  1944.170363: net_dev_queue: dev=veth762d14f skbaddr=ffff88102fe1e200 len=98
          <idle>-0     [002] .Ns.  1944.170364: net_dev_start_xmit: dev=veth762d14f queue_mapping=0 skbaddr=ffff88102fe1e200 vlan_tagged=0 vlan_proto=0x0000 vlan_tci=0x0000 protocol=0x0800 ip_summed=0 len=98 data_len=56 network_offset=14 transport_offset_valid=1 transport_offset=34 tx_flags=0 gso_size=0 gso_segs=0 gso_type=0x0
          <idle>-0     [002] .Ns.  1944.170365: netif_rx: dev=eth0 skbaddr=ffff88102fe1e200 len=84
          <idle>-0     [002] .Ns.  1944.170371: net_dev_xmit: dev=veth762d14f skbaddr=ffff88102fe1e200 len=98 rc=0
          <idle>-0     [002] .Ns.  1944.170372: net_dev_xmit: dev=docker0 skbaddr=ffff88102fe1e200 len=98 rc=0
     ksoftirqd/2-18    [002] ..s.  1944.170389: netif_receive_skb: dev=eth0 skbaddr=ffff88102fe1e200 len=84
          <idle>-0     [007] .Ns.  1944.174015: net_dev_queue: dev=docker0 skbaddr=ffff881034bacc00 len=42
          <idle>-0     [005] .Ns.  1944.174016: net_dev_queue: dev=eno1d1 skbaddr=ffff880fea930400 len=42
          <idle>-0     [005] .Ns.  1944.174020: net_dev_start_xmit: dev=eno1d1 queue_mapping=5 skbaddr=ffff880fea930400 vlan_tagged=0 vlan_proto=0x0000 vlan_tci=0x0000 protocol=0x0806 ip_summed=0 len=42 data_len=0 network_offset=14 transport_offset_valid=0 transport_offset=65533 tx_flags=0 gso_size=0 gso_segs=0 gso_type=0x0
          <idle>-0     [005] .Ns.  1944.174022: net_dev_xmit: dev=eno1d1 skbaddr=ffff880fea930400 len=42 rc=0
          <idle>-0     [007] .Ns.  1944.174026: net_dev_start_xmit: dev=docker0 queue_mapping=0 skbaddr=ffff881034bacc00 vlan_tagged=0 vlan_proto=0x0000 vlan_tci=0x0000 protocol=0x0806 ip_summed=0 len=42 data_len=0 network_offset=14 transport_offset_valid=0 transport_offset=65533 tx_flags=0 gso_size=0 gso_segs=0 gso_type=0x0
          <idle>-0     [007] .Ns.  1944.174030: net_dev_queue: dev=veth762d14f skbaddr=ffff881034bacc00 len=42
          <idle>-0     [007] .Ns.  1944.174031: net_dev_start_xmit: dev=veth762d14f queue_mapping=0 skbaddr=ffff881034bacc00 vlan_tagged=0 vlan_proto=0x0000 vlan_tci=0x0000 protocol=0x0806 ip_summed=0 len=42 data_len=0 network_offset=14 transport_offset_valid=0 transport_offset=65533 tx_flags=0 gso_size=0 gso_segs=0 gso_type=0x0
          <idle>-0     [007] .Ns.  1944.174033: netif_rx: dev=eth0 skbaddr=ffff881034bacc00 len=28
          <idle>-0     [007] .Ns.  1944.174035: net_dev_xmit: dev=veth762d14f skbaddr=ffff881034bacc00 len=42 rc=0
          <idle>-0     [007] .Ns.  1944.174036: net_dev_xmit: dev=docker0 skbaddr=ffff881034bacc00 len=42 rc=0
     ksoftirqd/7-43    [007] ..s.  1944.174064: netif_receive_skb: dev=eth0 skbaddr=ffff881034bacc00 len=28
     ksoftirqd/7-43    [007] ..s.  1944.174072: net_dev_queue: dev=eth0 skbaddr=ffff881034bad900 len=42
     ksoftirqd/7-43    [007] ..s.  1944.174073: net_dev_start_xmit: dev=eth0 queue_mapping=0 skbaddr=ffff881034bad900 vlan_tagged=0 vlan_proto=0x0000 vlan_tci=0x0000 protocol=0x0806 ip_summed=0 len=42 data_len=0 network_offset=14 transport_offset_valid=0 transport_offset=65533 tx_flags=0 gso_size=0 gso_segs=0 gso_type=0x0
     ksoftirqd/7-43    [007] ..s.  1944.174074: netif_rx: dev=veth762d14f skbaddr=ffff881034bad900 len=28
     ksoftirqd/7-43    [007] ..s.  1944.174075: net_dev_xmit: dev=eth0 skbaddr=ffff881034bad900 len=42 rc=0
     ksoftirqd/7-43    [007] ..s.  1944.174077: netif_receive_skb: dev=veth762d14f skbaddr=ffff881034bad900 len=28
     ksoftirqd/7-43    [007] ..s.  1944.174080: netif_receive_skb_entry: dev=docker0 napi_id=0x8 queue_mapping=0 skbaddr=ffff881034bad900 vlan_tagged=0 vlan_proto=0x0000 vlan_tci=0x0000 protocol=0x0806 ip_summed=0 hash=0x00000000 l4_hash=0 len=28 data_len=0 truesize=768 mac_header_valid=1 mac_header=-14 nr_frags=0 gso_size=0 gso_type=0x0
     ksoftirqd/7-43    [007] ..s.  1944.174081: netif_receive_skb: dev=docker0 skbaddr=ffff881034bad900 len=28
          <idle>-0     [007] ..s.  1944.174155: napi_gro_frags_entry: dev=eno1d1 napi_id=0x0 queue_mapping=1 skbaddr=ffff881034bad900 vlan_tagged=0 vlan_proto=0x0000 vlan_tci=0x0000 protocol=0x0806 ip_summed=0 hash=0x71959c6f l4_hash=0 len=46 data_len=46 truesize=3008 mac_header_valid=1 mac_header=-14 nr_frags=1 gso_size=0 gso_type=0x0
          <idle>-0     [007] ..s.  1944.174160: netif_receive_skb: dev=eno1d1 skbaddr=ffff881034bad900 len=46
          <idle>-0     [010] ..s.  1944.669343: napi_gro_frags_entry: dev=eno1 napi_id=0x0 queue_mapping=1 skbaddr=ffff88102fe24200 vlan_tagged=0 vlan_proto=0x0000 vlan_tci=0x0000 protocol=0x0806 ip_summed=0 hash=0xab77bd66 l4_hash=0 len=46 data_len=46 truesize=3008 mac_header_valid=1 mac_header=-14 nr_frags=1 gso_size=0 gso_type=0x0
          <idle>-0     [010] .Ns.  1944.669358: netif_receive_skb: dev=eno1 skbaddr=ffff88102fe24200 len=46
          <idle>-0     [010] ..s.  1944.669861: napi_gro_frags_entry: dev=eno1 napi_id=0x0 queue_mapping=1 skbaddr=ffff88102fe24200 vlan_tagged=0 vlan_proto=0x0000 vlan_tci=0x0000 protocol=0x0806 ip_summed=0 hash=0xab77bd66 l4_hash=0 len=46 data_len=46 truesize=3008 mac_header_valid=1 mac_header=-14 nr_frags=1 gso_size=0 gso_type=0x0
          <idle>-0     [010] .Ns.  1944.669874: netif_receive_skb: dev=eno1 skbaddr=ffff88102fe24200 len=46
          <idle>-0     [002] .Ns.  1944.750018: net_dev_queue: dev=veth762d14f skbaddr=ffff88102fe1e200 len=70
          <idle>-0     [002] .Ns.  1944.750030: net_dev_start_xmit: dev=veth762d14f queue_mapping=0 skbaddr=ffff88102fe1e200 vlan_tagged=0 vlan_proto=0x0000 vlan_tci=0x0000 protocol=0x86dd ip_summed=0 len=70 data_len=0 network_offset=14 transport_offset_valid=1 transport_offset=54 tx_flags=0 gso_size=0 gso_segs=0 gso_type=0x0
          <idle>-0     [002] .Ns.  1944.750033: netif_rx: dev=eth0 skbaddr=ffff88102fe1e200 len=56
          <idle>-0     [002] .Ns.  1944.750035: net_dev_xmit: dev=veth762d14f skbaddr=ffff88102fe1e200 len=70 rc=0
     ksoftirqd/2-18    [002] ..s.  1944.750065: netif_receive_skb: dev=eth0 skbaddr=ffff88102fe1e200 len=56
          <idle>-0     [002] .Ns.  1944.782059: net_dev_queue: dev=docker0 skbaddr=ffff88102fe1e200 len=70
          <idle>-0     [002] .Ns.  1944.782070: net_dev_start_xmit: dev=docker0 queue_mapping=0 skbaddr=ffff88102fe1e200 vlan_tagged=0 vlan_proto=0x0000 vlan_tci=0x0000 protocol=0x86dd ip_summed=0 len=70 data_len=0 network_offset=14 transport_offset_valid=1 transport_offset=54 tx_flags=0 gso_size=0 gso_segs=0 gso_type=0x0
          <idle>-0     [002] .Ns.  1944.782076: net_dev_queue: dev=veth762d14f skbaddr=ffff88102fe1e200 len=70
          <idle>-0     [002] .Ns.  1944.782078: net_dev_start_xmit: dev=veth762d14f queue_mapping=0 skbaddr=ffff88102fe1e200 vlan_tagged=0 vlan_proto=0x0000 vlan_tci=0x0000 protocol=0x86dd ip_summed=0 len=70 data_len=0 network_offset=14 transport_offset_valid=1 transport_offset=54 tx_flags=0 gso_size=0 gso_segs=0 gso_type=0x0
          <idle>-0     [002] .Ns.  1944.782081: netif_rx: dev=eth0 skbaddr=ffff88102fe1e200 len=56
          <idle>-0     [002] .Ns.  1944.782082: net_dev_xmit: dev=veth762d14f skbaddr=ffff88102fe1e200 len=70 rc=0
          <idle>-0     [002] .Ns.  1944.782086: net_dev_xmit: dev=docker0 skbaddr=ffff88102fe1e200 len=70 rc=0
     ksoftirqd/2-18    [002] ..s.  1944.782115: netif_receive_skb: dev=eth0 skbaddr=ffff88102fe1e200 len=56
          <idle>-0     [010] ..s.  1944.910400: napi_gro_frags_entry: dev=eno1 napi_id=0x0 queue_mapping=1 skbaddr=ffff88102fe25a00 vlan_tagged=0 vlan_proto=0x0000 vlan_tci=0x0000 protocol=0x0806 ip_summed=0 hash=0xab77bd66 l4_hash=0 len=46 data_len=46 truesize=3008 mac_header_valid=1 mac_header=-14 nr_frags=1 gso_size=0 gso_type=0x0
          <idle>-0     [010] .Ns.  1944.910415: netif_receive_skb: dev=eno1 skbaddr=ffff88102fe25a00 len=46
          <idle>-0     [010] ..s.  1945.029205: napi_gro_frags_entry: dev=eno1 napi_id=0x0 queue_mapping=1 skbaddr=ffff88102fe25a00 vlan_tagged=0 vlan_proto=0x0000 vlan_tci=0x0000 protocol=0x0806 ip_summed=0 hash=0xab77bd66 l4_hash=0 len=46 data_len=46 truesize=3008 mac_header_valid=1 mac_header=-14 nr_frags=1 gso_size=0 gso_type=0x0
          <idle>-0     [010] .Ns.  1945.029219: netif_receive_skb: dev=eno1 skbaddr=ffff88102fe25a00 len=46
            ping-8538  [005] ....  1945.170092: net_dev_queue: dev=eth0 skbaddr=ffff880fea931500 len=98
            ping-8538  [005] ....  1945.170107: net_dev_start_xmit: dev=eth0 queue_mapping=0 skbaddr=ffff880fea931500 vlan_tagged=0 vlan_proto=0x0000 vlan_tci=0x0000 protocol=0x0800 ip_summed=0 len=98 data_len=0 network_offset=14 transport_offset_valid=1 transport_offset=34 tx_flags=0 gso_size=0 gso_segs=0 gso_type=0x0
            ping-8538  [005] ....  1945.170110: netif_rx: dev=veth762d14f skbaddr=ffff880fea931500 len=84
            ping-8538  [005] ....  1945.170111: net_dev_xmit: dev=eth0 skbaddr=ffff880fea931500 len=98 rc=0
            ping-8538  [005] ..s1  1945.170114: netif_receive_skb: dev=veth762d14f skbaddr=ffff880fea931500 len=84
            ping-8538  [005] ..s1  1945.170123: netif_receive_skb_entry: dev=docker0 napi_id=0x6 queue_mapping=0 skbaddr=ffff880fea931500 vlan_tagged=0 vlan_proto=0x0000 vlan_tci=0x0000 protocol=0x0800 ip_summed=2 hash=0x00000000 l4_hash=0 len=84 data_len=0 truesize=768 mac_header_valid=1 mac_header=-14 nr_frags=0 gso_size=0 gso_type=0x0
            ping-8538  [005] ..s1  1945.170124: netif_receive_skb: dev=docker0 skbaddr=ffff880fea931500 len=84
            ping-8538  [005] ..s1  1945.170136: net_dev_queue: dev=eno1d1 skbaddr=ffff880fea931500 len=98
            ping-8538  [005] ..s1  1945.170138: net_dev_start_xmit: dev=eno1d1 queue_mapping=5 skbaddr=ffff880fea931500 vlan_tagged=0 vlan_proto=0x0000 vlan_tci=0x0000 protocol=0x0800 ip_summed=0 len=98 data_len=0 network_offset=14 transport_offset_valid=1 transport_offset=34 tx_flags=0 gso_size=0 gso_segs=0 gso_type=0x0
            ping-8538  [005] ..s1  1945.170140: net_dev_xmit: dev=eno1d1 skbaddr=ffff880fea931500 len=98 rc=0
          <idle>-0     [002] ..s.  1945.170270: napi_gro_frags_entry: dev=eno1d1 napi_id=0x0 queue_mapping=6 skbaddr=ffff88102fe1e200 vlan_tagged=0 vlan_proto=0x0000 vlan_tci=0x0000 protocol=0x0800 ip_summed=0 hash=0x1d701905 l4_hash=0 len=84 data_len=84 truesize=3008 mac_header_valid=1 mac_header=-14 nr_frags=1 gso_size=0 gso_type=0x0
          <idle>-0     [002] ..s.  1945.170279: netif_receive_skb: dev=eno1d1 skbaddr=ffff88102fe1e200 len=84
          <idle>-0     [002] ..s.  1945.170304: net_dev_queue: dev=docker0 skbaddr=ffff88102fe1e200 len=98
          <idle>-0     [002] ..s.  1945.170307: net_dev_start_xmit: dev=docker0 queue_mapping=0 skbaddr=ffff88102fe1e200 vlan_tagged=0 vlan_proto=0x0000 vlan_tci=0x0000 protocol=0x0800 ip_summed=0 len=98 data_len=56 network_offset=14 transport_offset_valid=1 transport_offset=34 tx_flags=0 gso_size=0 gso_segs=0 gso_type=0x0
          <idle>-0     [002] ..s.  1945.170312: net_dev_queue: dev=veth762d14f skbaddr=ffff88102fe1e200 len=98
          <idle>-0     [002] ..s.  1945.170313: net_dev_start_xmit: dev=veth762d14f queue_mapping=0 skbaddr=ffff88102fe1e200 vlan_tagged=0 vlan_proto=0x0000 vlan_tci=0x0000 protocol=0x0800 ip_summed=0 len=98 data_len=56 network_offset=14 transport_offset_valid=1 transport_offset=34 tx_flags=0 gso_size=0 gso_segs=0 gso_type=0x0
          <idle>-0     [002] ..s.  1945.170316: netif_rx: dev=eth0 skbaddr=ffff88102fe1e200 len=84
          <idle>-0     [002] ..s.  1945.170318: net_dev_xmit: dev=veth762d14f skbaddr=ffff88102fe1e200 len=98 rc=0
          <idle>-0     [002] ..s.  1945.170319: net_dev_xmit: dev=docker0 skbaddr=ffff88102fe1e200 len=98 rc=0
          <idle>-0     [002] ..s.  1945.170323: netif_receive_skb: dev=eth0 skbaddr=ffff88102fe1e200 len=84
          <idle>-0     [010] ..s.  1945.325819: napi_gro_frags_entry: dev=eno1 napi_id=0x0 queue_mapping=1 skbaddr=ffff88102fe25600 vlan_tagged=0 vlan_proto=0x0000 vlan_tci=0x0000 protocol=0x0806 ip_summed=0 hash=0xab77bd66 l4_hash=0 len=46 data_len=46 truesize=3008 mac_header_valid=1 mac_header=-14 nr_frags=1 gso_size=0 gso_type=0x0
          <idle>-0     [010] .Ns.  1945.325833: netif_receive_skb: dev=eno1 skbaddr=ffff88102fe25600 len=46
          <idle>-0     [010] ..s.  1945.524330: napi_gro_frags_entry: dev=eno1 napi_id=0x0 queue_mapping=1 skbaddr=ffff88102fe25f00 vlan_tagged=0 vlan_proto=0x0000 vlan_tci=0x0000 protocol=0x0806 ip_summed=0 hash=0xab77bd66 l4_hash=0 len=46 data_len=46 truesize=3008 mac_header_valid=1 mac_header=-14 nr_frags=1 gso_size=0 gso_type=0x0
          <idle>-0     [010] .Ns.  1945.524344: netif_receive_skb: dev=eno1 skbaddr=ffff88102fe25f00 len=46
          <idle>-0     [010] ..s.  1945.534379: napi_gro_frags_entry: dev=eno1 napi_id=0x0 queue_mapping=1 skbaddr=ffff88102fe25f00 vlan_tagged=0 vlan_proto=0x0000 vlan_tci=0x0000 protocol=0x0806 ip_summed=0 hash=0xab77bd66 l4_hash=0 len=46 data_len=46 truesize=3008 mac_header_valid=1 mac_header=-14 nr_frags=1 gso_size=0 gso_type=0x0
          <idle>-0     [010] .Ns.  1945.534392: netif_receive_skb: dev=eno1 skbaddr=ffff88102fe25f00 len=46
          <idle>-0     [012] ..s.  1945.799664: napi_gro_frags_entry: dev=eno1 napi_id=0x0 queue_mapping=12 skbaddr=ffff881033ed0400 vlan_tagged=0 vlan_proto=0x0000 vlan_tci=0x0000 protocol=0x0800 ip_summed=1 hash=0x3c3b509b l4_hash=1 len=320 data_len=320 truesize=3008 mac_header_valid=1 mac_header=-14 nr_frags=1 gso_size=0 gso_type=0x0
          <idle>-0     [012] .Ns.  1945.799680: netif_receive_skb: dev=eno1 skbaddr=ffff881033ed0400 len=320
          <idle>-0     [010] ..s.  1946.044496: napi_gro_frags_entry: dev=eno1 napi_id=0x0 queue_mapping=1 skbaddr=ffff88102fe25f00 vlan_tagged=0 vlan_proto=0x0000 vlan_tci=0x0000 protocol=0x0806 ip_summed=0 hash=0xab77bd66 l4_hash=0 len=46 data_len=46 truesize=3008 mac_header_valid=1 mac_header=-14 nr_frags=1 gso_size=0 gso_type=0x0
          <idle>-0     [010] .Ns.  1946.044511: netif_receive_skb: dev=eno1 skbaddr=ffff88102fe25f00 len=46
            ping-8538  [003] ....  1946.170071: net_dev_queue: dev=eth0 skbaddr=ffff8810351fae00 len=98
            ping-8538  [003] ....  1946.170087: net_dev_start_xmit: dev=eth0 queue_mapping=0 skbaddr=ffff8810351fae00 vlan_tagged=0 vlan_proto=0x0000 vlan_tci=0x0000 protocol=0x0800 ip_summed=0 len=98 data_len=0 network_offset=14 transport_offset_valid=1 transport_offset=34 tx_flags=0 gso_size=0 gso_segs=0 gso_type=0x0
            ping-8538  [003] ....  1946.170091: netif_rx: dev=veth762d14f skbaddr=ffff8810351fae00 len=84
            ping-8538  [003] ....  1946.170092: net_dev_xmit: dev=eth0 skbaddr=ffff8810351fae00 len=98 rc=0
            ping-8538  [003] ..s1  1946.170095: netif_receive_skb: dev=veth762d14f skbaddr=ffff8810351fae00 len=84
            ping-8538  [003] ..s1  1946.170104: netif_receive_skb_entry: dev=docker0 napi_id=0x4 queue_mapping=0 skbaddr=ffff8810351fae00 vlan_tagged=0 vlan_proto=0x0000 vlan_tci=0x0000 protocol=0x0800 ip_summed=2 hash=0x00000000 l4_hash=0 len=84 data_len=0 truesize=768 mac_header_valid=1 mac_header=-14 nr_frags=0 gso_size=0 gso_type=0x0
            ping-8538  [003] ..s1  1946.170107: netif_receive_skb: dev=docker0 skbaddr=ffff8810351fae00 len=84
            ping-8538  [003] ..s1  1946.170120: net_dev_queue: dev=eno1d1 skbaddr=ffff8810351fae00 len=98
            ping-8538  [003] ..s1  1946.170122: net_dev_start_xmit: dev=eno1d1 queue_mapping=3 skbaddr=ffff8810351fae00 vlan_tagged=0 vlan_proto=0x0000 vlan_tci=0x0000 protocol=0x0800 ip_summed=0 len=98 data_len=0 network_offset=14 transport_offset_valid=1 transport_offset=34 tx_flags=0 gso_size=0 gso_segs=0 gso_type=0x0
            ping-8538  [003] ..s1  1946.170124: net_dev_xmit: dev=eno1d1 skbaddr=ffff8810351fae00 len=98 rc=0
          <idle>-0     [002] ..s.  1946.170261: napi_gro_frags_entry: dev=eno1d1 napi_id=0x0 queue_mapping=6 skbaddr=ffff88102fe1e500 vlan_tagged=0 vlan_proto=0x0000 vlan_tci=0x0000 protocol=0x0800 ip_summed=0 hash=0x1d701905 l4_hash=0 len=84 data_len=84 truesize=3008 mac_header_valid=1 mac_header=-14 nr_frags=1 gso_size=0 gso_type=0x0
          <idle>-0     [002] .Ns.  1946.170273: netif_receive_skb: dev=eno1d1 skbaddr=ffff88102fe1e500 len=84
          <idle>-0     [002] .Ns.  1946.170295: net_dev_queue: dev=docker0 skbaddr=ffff88102fe1e500 len=98
          <idle>-0     [002] .Ns.  1946.170297: net_dev_start_xmit: dev=docker0 queue_mapping=0 skbaddr=ffff88102fe1e500 vlan_tagged=0 vlan_proto=0x0000 vlan_tci=0x0000 protocol=0x0800 ip_summed=0 len=98 data_len=56 network_offset=14 transport_offset_valid=1 transport_offset=34 tx_flags=0 gso_size=0 gso_segs=0 gso_type=0x0
          <idle>-0     [002] .Ns.  1946.170300: net_dev_queue: dev=veth762d14f skbaddr=ffff88102fe1e500 len=98
          <idle>-0     [002] .Ns.  1946.170301: net_dev_start_xmit: dev=veth762d14f queue_mapping=0 skbaddr=ffff88102fe1e500 vlan_tagged=0 vlan_proto=0x0000 vlan_tci=0x0000 protocol=0x0800 ip_summed=0 len=98 data_len=56 network_offset=14 transport_offset_valid=1 transport_offset=34 tx_flags=0 gso_size=0 gso_segs=0 gso_type=0x0
          <idle>-0     [002] .Ns.  1946.170303: netif_rx: dev=eth0 skbaddr=ffff88102fe1e500 len=84
          <idle>-0     [002] .Ns.  1946.170304: net_dev_xmit: dev=veth762d14f skbaddr=ffff88102fe1e500 len=98 rc=0
          <idle>-0     [002] .Ns.  1946.170305: net_dev_xmit: dev=docker0 skbaddr=ffff88102fe1e500 len=98 rc=0
     ksoftirqd/2-18    [002] ..s.  1946.170317: netif_receive_skb: dev=eth0 skbaddr=ffff88102fe1e500 len=84
          <idle>-0     [010] ..s.  1946.483346: napi_gro_frags_entry: dev=eno1 napi_id=0x0 queue_mapping=1 skbaddr=ffff88102fe25f00 vlan_tagged=0 vlan_proto=0x0000 vlan_tci=0x0000 protocol=0x0806 ip_summed=0 hash=0xab77bd66 l4_hash=0 len=46 data_len=46 truesize=3008 mac_header_valid=1 mac_header=-14 nr_frags=1 gso_size=0 gso_type=0x0
          <idle>-0     [010] .Ns.  1946.483359: netif_receive_skb: dev=eno1 skbaddr=ffff88102fe25f00 len=46
          <idle>-0     [010] ..s.  1946.559138: napi_gro_frags_entry: dev=eno1 napi_id=0x0 queue_mapping=1 skbaddr=ffff88102fe25f00 vlan_tagged=0 vlan_proto=0x0000 vlan_tci=0x0000 protocol=0x0806 ip_summed=0 hash=0xab77bd66 l4_hash=0 len=46 data_len=46 truesize=3008 mac_header_valid=1 mac_header=-14 nr_frags=1 gso_size=0 gso_type=0x0
          <idle>-0     [010] .Ns.  1946.559152: netif_receive_skb: dev=eno1 skbaddr=ffff88102fe25f00 len=46
          <idle>-0     [010] ..s.  1946.633373: napi_gro_frags_entry: dev=eno1 napi_id=0x0 queue_mapping=1 skbaddr=ffff88102fe25f00 vlan_tagged=0 vlan_proto=0x0000 vlan_tci=0x0000 protocol=0x0806 ip_summed=0 hash=0xab77bd66 l4_hash=0 len=46 data_len=46 truesize=3008 mac_header_valid=1 mac_header=-14 nr_frags=1 gso_size=0 gso_type=0x0
          <idle>-0     [010] .Ns.  1946.633387: netif_receive_skb: dev=eno1 skbaddr=ffff88102fe25f00 len=46
          <idle>-0     [010] ..s.  1946.697640: napi_gro_frags_entry: dev=eno1 napi_id=0x0 queue_mapping=1 skbaddr=ffff88102fe25f00 vlan_tagged=0 vlan_proto=0x0000 vlan_tci=0x0000 protocol=0x0806 ip_summed=0 hash=0xab77bd66 l4_hash=0 len=46 data_len=46 truesize=3008 mac_header_valid=1 mac_header=-14 nr_frags=1 gso_size=0 gso_type=0x0
          <idle>-0     [010] .Ns.  1946.697653: netif_receive_skb: dev=eno1 skbaddr=ffff88102fe25f00 len=46
          <idle>-0     [012] ..s.  1946.820207: napi_gro_frags_entry: dev=eno1 napi_id=0x0 queue_mapping=12 skbaddr=ffff881033ed0c00 vlan_tagged=0 vlan_proto=0x0000 vlan_tci=0x0000 protocol=0x0800 ip_summed=1 hash=0x3c3b509b l4_hash=1 len=320 data_len=320 truesize=3008 mac_header_valid=1 mac_header=-14 nr_frags=1 gso_size=0 gso_type=0x0
          <idle>-0     [012] .Ns.  1946.820222: netif_receive_skb: dev=eno1 skbaddr=ffff881033ed0c00 len=320
            ping-8538  [004] ....  1947.170091: net_dev_queue: dev=eth0 skbaddr=ffff881033668100 len=98
            ping-8538  [004] ....  1947.170107: net_dev_start_xmit: dev=eth0 queue_mapping=0 skbaddr=ffff881033668100 vlan_tagged=0 vlan_proto=0x0000 vlan_tci=0x0000 protocol=0x0800 ip_summed=0 len=98 data_len=0 network_offset=14 transport_offset_valid=1 transport_offset=34 tx_flags=0 gso_size=0 gso_segs=0 gso_type=0x0
            ping-8538  [004] ....  1947.170110: netif_rx: dev=veth762d14f skbaddr=ffff881033668100 len=84
            ping-8538  [004] ....  1947.170112: net_dev_xmit: dev=eth0 skbaddr=ffff881033668100 len=98 rc=0
            ping-8538  [004] ..s1  1947.170115: netif_receive_skb: dev=veth762d14f skbaddr=ffff881033668100 len=84
            ping-8538  [004] ..s1  1947.170127: netif_receive_skb_entry: dev=docker0 napi_id=0x5 queue_mapping=0 skbaddr=ffff881033668100 vlan_tagged=0 vlan_proto=0x0000 vlan_tci=0x0000 protocol=0x0800 ip_summed=2 hash=0x00000000 l4_hash=0 len=84 data_len=0 truesize=768 mac_header_valid=1 mac_header=-14 nr_frags=0 gso_size=0 gso_type=0x0
            ping-8538  [004] ..s1  1947.170130: netif_receive_skb: dev=docker0 skbaddr=ffff881033668100 len=84
            ping-8538  [004] ..s1  1947.170145: net_dev_queue: dev=eno1d1 skbaddr=ffff881033668100 len=98
            ping-8538  [004] ..s1  1947.170148: net_dev_start_xmit: dev=eno1d1 queue_mapping=4 skbaddr=ffff881033668100 vlan_tagged=0 vlan_proto=0x0000 vlan_tci=0x0000 protocol=0x0800 ip_summed=0 len=98 data_len=0 network_offset=14 transport_offset_valid=1 transport_offset=34 tx_flags=0 gso_size=0 gso_segs=0 gso_type=0x0
            ping-8538  [004] ..s1  1947.170151: net_dev_xmit: dev=eno1d1 skbaddr=ffff881033668100 len=98 rc=0
          <idle>-0     [002] ..s.  1947.170313: napi_gro_frags_entry: dev=eno1d1 napi_id=0x0 queue_mapping=6 skbaddr=ffff88102fe1e500 vlan_tagged=0 vlan_proto=0x0000 vlan_tci=0x0000 protocol=0x0800 ip_summed=0 hash=0x1d701905 l4_hash=0 len=84 data_len=84 truesize=3008 mac_header_valid=1 mac_header=-14 nr_frags=1 gso_size=0 gso_type=0x0
          <idle>-0     [002] ..s.  1947.170317: netif_receive_skb: dev=eno1d1 skbaddr=ffff88102fe1e500 len=84
          <idle>-0     [002] ..s.  1947.170339: net_dev_queue: dev=docker0 skbaddr=ffff88102fe1e500 len=98
          <idle>-0     [002] ..s.  1947.170342: net_dev_start_xmit: dev=docker0 queue_mapping=0 skbaddr=ffff88102fe1e500 vlan_tagged=0 vlan_proto=0x0000 vlan_tci=0x0000 protocol=0x0800 ip_summed=0 len=98 data_len=56 network_offset=14 transport_offset_valid=1 transport_offset=34 tx_flags=0 gso_size=0 gso_segs=0 gso_type=0x0
          <idle>-0     [002] ..s.  1947.170345: net_dev_queue: dev=veth762d14f skbaddr=ffff88102fe1e500 len=98
          <idle>-0     [002] ..s.  1947.170347: net_dev_start_xmit: dev=veth762d14f queue_mapping=0 skbaddr=ffff88102fe1e500 vlan_tagged=0 vlan_proto=0x0000 vlan_tci=0x0000 protocol=0x0800 ip_summed=0 len=98 data_len=56 network_offset=14 transport_offset_valid=1 transport_offset=34 tx_flags=0 gso_size=0 gso_segs=0 gso_type=0x0
          <idle>-0     [002] ..s.  1947.170348: netif_rx: dev=eth0 skbaddr=ffff88102fe1e500 len=84
          <idle>-0     [002] ..s.  1947.170350: net_dev_xmit: dev=veth762d14f skbaddr=ffff88102fe1e500 len=98 rc=0
          <idle>-0     [002] ..s.  1947.170351: net_dev_xmit: dev=docker0 skbaddr=ffff88102fe1e500 len=98 rc=0
          <idle>-0     [002] ..s.  1947.170354: netif_receive_skb: dev=eth0 skbaddr=ffff88102fe1e500 len=84
          <idle>-0     [010] ..s.  1947.406731: napi_gro_frags_entry: dev=eno1 napi_id=0x0 queue_mapping=1 skbaddr=ffff88102fe25500 vlan_tagged=0 vlan_proto=0x0000 vlan_tci=0x0000 protocol=0x0806 ip_summed=0 hash=0x56ad9ed6 l4_hash=0 len=46 data_len=46 truesize=3008 mac_header_valid=1 mac_header=-14 nr_frags=1 gso_size=0 gso_type=0x0
          <idle>-0     [010] .Ns.  1947.406743: netif_receive_skb: dev=eno1 skbaddr=ffff88102fe25500 len=46
          <idle>-0     [010] ..s.  1947.828992: napi_gro_frags_entry: dev=eno1 napi_id=0x0 queue_mapping=1 skbaddr=ffff88102fe25500 vlan_tagged=0 vlan_proto=0x0000 vlan_tci=0x0000 protocol=0x0806 ip_summed=0 hash=0x56ad9ed6 l4_hash=0 len=46 data_len=46 truesize=3008 mac_header_valid=1 mac_header=-14 nr_frags=1 gso_size=0 gso_type=0x0
          <idle>-0     [010] .Ns.  1947.829006: netif_receive_skb: dev=eno1 skbaddr=ffff88102fe25500 len=46
            ping-8538  [003] ....  1948.170042: net_dev_queue: dev=eth0 skbaddr=ffff8810351fa100 len=98
            ping-8538  [003] ....  1948.170059: net_dev_start_xmit: dev=eth0 queue_mapping=0 skbaddr=ffff8810351fa100 vlan_tagged=0 vlan_proto=0x0000 vlan_tci=0x0000 protocol=0x0800 ip_summed=0 len=98 data_len=0 network_offset=14 transport_offset_valid=1 transport_offset=34 tx_flags=0 gso_size=0 gso_segs=0 gso_type=0x0
            ping-8538  [003] ....  1948.170062: netif_rx: dev=veth762d14f skbaddr=ffff8810351fa100 len=84
            ping-8538  [003] ....  1948.170063: net_dev_xmit: dev=eth0 skbaddr=ffff8810351fa100 len=98 rc=0
            ping-8538  [003] ..s1  1948.170065: netif_receive_skb: dev=veth762d14f skbaddr=ffff8810351fa100 len=84
            ping-8538  [003] ..s1  1948.170075: netif_receive_skb_entry: dev=docker0 napi_id=0x4 queue_mapping=0 skbaddr=ffff8810351fa100 vlan_tagged=0 vlan_proto=0x0000 vlan_tci=0x0000 protocol=0x0800 ip_summed=2 hash=0x00000000 l4_hash=0 len=84 data_len=0 truesize=768 mac_header_valid=1 mac_header=-14 nr_frags=0 gso_size=0 gso_type=0x0
            ping-8538  [003] ..s1  1948.170078: netif_receive_skb: dev=docker0 skbaddr=ffff8810351fa100 len=84
            ping-8538  [003] ..s1  1948.170091: net_dev_queue: dev=eno1d1 skbaddr=ffff8810351fa100 len=98
            ping-8538  [003] ..s1  1948.170093: net_dev_start_xmit: dev=eno1d1 queue_mapping=3 skbaddr=ffff8810351fa100 vlan_tagged=0 vlan_proto=0x0000 vlan_tci=0x0000 protocol=0x0800 ip_summed=0 len=98 data_len=0 network_offset=14 transport_offset_valid=1 transport_offset=34 tx_flags=0 gso_size=0 gso_segs=0 gso_type=0x0
            ping-8538  [003] ..s1  1948.170096: net_dev_xmit: dev=eno1d1 skbaddr=ffff8810351fa100 len=98 rc=0
          <idle>-0     [002] ..s.  1948.170231: napi_gro_frags_entry: dev=eno1d1 napi_id=0x0 queue_mapping=6 skbaddr=ffff88102fe1ec00 vlan_tagged=0 vlan_proto=0x0000 vlan_tci=0x0000 protocol=0x0800 ip_summed=0 hash=0x1d701905 l4_hash=0 len=84 data_len=84 truesize=3008 mac_header_valid=1 mac_header=-14 nr_frags=1 gso_size=0 gso_type=0x0
          <idle>-0     [002] ..s.  1948.170236: netif_receive_skb: dev=eno1d1 skbaddr=ffff88102fe1ec00 len=84
          <idle>-0     [002] ..s.  1948.170262: net_dev_queue: dev=docker0 skbaddr=ffff88102fe1ec00 len=98
          <idle>-0     [002] ..s.  1948.170264: net_dev_start_xmit: dev=docker0 queue_mapping=0 skbaddr=ffff88102fe1ec00 vlan_tagged=0 vlan_proto=0x0000 vlan_tci=0x0000 protocol=0x0800 ip_summed=0 len=98 data_len=56 network_offset=14 transport_offset_valid=1 transport_offset=34 tx_flags=0 gso_size=0 gso_segs=0 gso_type=0x0
          <idle>-0     [002] ..s.  1948.170269: net_dev_queue: dev=veth762d14f skbaddr=ffff88102fe1ec00 len=98
          <idle>-0     [002] ..s.  1948.170270: net_dev_start_xmit: dev=veth762d14f queue_mapping=0 skbaddr=ffff88102fe1ec00 vlan_tagged=0 vlan_proto=0x0000 vlan_tci=0x0000 protocol=0x0800 ip_summed=0 len=98 data_len=56 network_offset=14 transport_offset_valid=1 transport_offset=34 tx_flags=0 gso_size=0 gso_segs=0 gso_type=0x0
          <idle>-0     [002] ..s.  1948.170273: netif_rx: dev=eth0 skbaddr=ffff88102fe1ec00 len=84
          <idle>-0     [002] ..s.  1948.170274: net_dev_xmit: dev=veth762d14f skbaddr=ffff88102fe1ec00 len=98 rc=0
          <idle>-0     [002] ..s.  1948.170276: net_dev_xmit: dev=docker0 skbaddr=ffff88102fe1ec00 len=98 rc=0
          <idle>-0     [002] ..s.  1948.170281: netif_receive_skb: dev=eth0 skbaddr=ffff88102fe1ec00 len=84
          <idle>-0     [012] ..s.  1948.271727: napi_gro_frags_entry: dev=eno1 napi_id=0x0 queue_mapping=12 skbaddr=ffff881033ed0400 vlan_tagged=0 vlan_proto=0x0000 vlan_tci=0x0000 protocol=0x0800 ip_summed=1 hash=0x3c3b509b l4_hash=1 len=321 data_len=321 truesize=3008 mac_header_valid=1 mac_header=-14 nr_frags=1 gso_size=0 gso_type=0x0
          <idle>-0     [012] .Ns.  1948.271742: netif_receive_skb: dev=eno1 skbaddr=ffff881033ed0400 len=321
          <idle>-0     [002] .Ns.  1948.757998: net_dev_queue: dev=veth762d14f skbaddr=ffff88102fe1e900 len=70
          <idle>-0     [002] .Ns.  1948.758010: net_dev_start_xmit: dev=veth762d14f queue_mapping=0 skbaddr=ffff88102fe1e900 vlan_tagged=0 vlan_proto=0x0000 vlan_tci=0x0000 protocol=0x86dd ip_summed=0 len=70 data_len=0 network_offset=14 transport_offset_valid=1 transport_offset=54 tx_flags=0 gso_size=0 gso_segs=0 gso_type=0x0
          <idle>-0     [002] .Ns.  1948.758012: netif_rx: dev=eth0 skbaddr=ffff88102fe1e900 len=56
          <idle>-0     [002] .Ns.  1948.758014: net_dev_xmit: dev=veth762d14f skbaddr=ffff88102fe1e900 len=70 rc=0
     ksoftirqd/2-18    [002] ..s.  1948.758036: netif_receive_skb: dev=eth0 skbaddr=ffff88102fe1e900 len=56
          <idle>-0     [002] .Ns.  1948.789961: net_dev_queue: dev=docker0 skbaddr=ffff88102fe1e900 len=70
          <idle>-0     [002] .Ns.  1948.789972: net_dev_start_xmit: dev=docker0 queue_mapping=0 skbaddr=ffff88102fe1e900 vlan_tagged=0 vlan_proto=0x0000 vlan_tci=0x0000 protocol=0x86dd ip_summed=0 len=70 data_len=0 network_offset=14 transport_offset_valid=1 transport_offset=54 tx_flags=0 gso_size=0 gso_segs=0 gso_type=0x0
          <idle>-0     [002] .Ns.  1948.789977: net_dev_queue: dev=veth762d14f skbaddr=ffff88102fe1e900 len=70
          <idle>-0     [002] .Ns.  1948.789979: net_dev_start_xmit: dev=veth762d14f queue_mapping=0 skbaddr=ffff88102fe1e900 vlan_tagged=0 vlan_proto=0x0000 vlan_tci=0x0000 protocol=0x86dd ip_summed=0 len=70 data_len=0 network_offset=14 transport_offset_valid=1 transport_offset=54 tx_flags=0 gso_size=0 gso_segs=0 gso_type=0x0
          <idle>-0     [002] .Ns.  1948.789981: netif_rx: dev=eth0 skbaddr=ffff88102fe1e900 len=56
          <idle>-0     [002] .Ns.  1948.789983: net_dev_xmit: dev=veth762d14f skbaddr=ffff88102fe1e900 len=70 rc=0
          <idle>-0     [002] .Ns.  1948.789984: net_dev_xmit: dev=docker0 skbaddr=ffff88102fe1e900 len=70 rc=0
     ksoftirqd/2-18    [002] ..s.  1948.790003: netif_receive_skb: dev=eth0 skbaddr=ffff88102fe1e900 len=56
Done.
